[10-26 20:01:48]: [INFO] SQLite driver loaded
[10-26 20:01:48]: [INFO] SQLite Setup finished
[10-26 20:01:48]: [INFO] Hooked into PermissionsEx!
[10-26 20:01:48]: [INFO] Hooked successfully into Essentials
[10-26 20:01:48]: [INFO] Hooked successfully into Multiverse-Core
[10-26 20:01:49]: [WARN] WARNING! The protectInventory feature requires ProtocolLib! Disabling it...
[10-26 20:01:49]: [INFO] Development builds are available on our jenkins, thanks to f14stelt.
[10-26 20:01:49]: [INFO] Do you want a good game server? Look at our sponsor GameHosting.it leader in Italy as Game Server Provider!
[10-26 20:01:49]: [INFO] AuthMe 5.3.2 build n.1726 correctly enabled!
[10-26 20:02:20]: [INFO] AuthMe 5.3.2-b1726 disabled!
[10-26 20:02:41]: [INFO] SQLite driver loaded
[10-26 20:02:41]: [INFO] SQLite Setup finished
[10-26 20:02:41]: [INFO] Hooked into PermissionsEx!
[10-26 20:02:41]: [INFO] [LICENSE] This product uses data from the GeoLite API created by MaxMind, available at http://www.maxmind.com
[10-26 20:02:41]: [INFO] Hooked successfully into Essentials
[10-26 20:02:41]: [INFO] Hooked successfully into Multiverse-Core
[10-26 20:02:42]: [WARN] WARNING! The protectInventory feature requires ProtocolLib! Disabling it...
[10-26 20:02:42]: [INFO] Development builds are available on our jenkins, thanks to f14stelt.
[10-26 20:02:42]: [INFO] Do you want a good game server? Look at our sponsor GameHosting.it leader in Italy as Game Server Provider!
[10-26 20:02:42]: [INFO] AuthMe 5.3.2 build n.1726 correctly enabled!
[10-26 20:04:18]: [INFO] AuthMe 5.3.2-b1726 disabled!
[10-26 20:04:53]: [INFO] SQLite driver loaded
[10-26 20:04:53]: [INFO] SQLite Setup finished
[10-26 20:04:53]: [INFO] Hooked into PermissionsEx!
[10-26 20:04:53]: [INFO] [LICENSE] This product uses data from the GeoLite API created by MaxMind, available at http://www.maxmind.com
[10-26 20:04:53]: [INFO] Hooked successfully into Essentials
[10-26 20:04:53]: [INFO] Hooked successfully into Multiverse-Core
[10-26 20:04:53]: [WARN] WARNING! The protectInventory feature requires ProtocolLib! Disabling it...
[10-26 20:04:54]: [INFO] Development builds are available on our jenkins, thanks to f14stelt.
[10-26 20:04:54]: [INFO] Do you want a good game server? Look at our sponsor GameHosting.it leader in Italy as Game Server Provider!
[10-26 20:04:54]: [INFO] AuthMe 5.3.2 build n.1726 correctly enabled!
[10-26 20:05:53]: [INFO] AuthMe 5.3.2-b1726 disabled!
[10-26 20:06:15]: [INFO] SQLite driver loaded
[10-26 20:06:15]: [INFO] SQLite Setup finished
[10-26 20:06:15]: [INFO] Hooked into PermissionsEx!
[10-26 20:06:15]: [INFO] [LICENSE] This product uses data from the GeoLite API created by MaxMind, available at http://www.maxmind.com
[10-26 20:06:15]: [INFO] Hooked successfully into Essentials
[10-26 20:06:15]: [INFO] Hooked successfully into Multiverse-Core
[10-26 20:06:15]: [WARN] WARNING! The protectInventory feature requires ProtocolLib! Disabling it...
[10-26 20:06:16]: [INFO] Development builds are available on our jenkins, thanks to f14stelt.
[10-26 20:06:16]: [INFO] Do you want a good game server? Look at our sponsor GameHosting.it leader in Italy as Game Server Provider!
[10-26 20:06:16]: [INFO] AuthMe 5.3.2 build n.1726 correctly enabled!
[10-26 20:07:01]: [FINE] Markd315 registered 192.168.0.105
[10-26 20:07:01]: [FINE] Markd315 logged in!
[10-26 20:18:30]: [FINE] Markd315 logged in!
[10-26 20:21:56]: [INFO] AuthMe 5.3.2-b1726 disabled!
[10-26 20:21:59]: [INFO] SQLite driver loaded
[10-26 20:21:59]: [INFO] SQLite Setup finished
[10-26 20:21:59]: [INFO] Hooked into PermissionsEx!
[10-26 20:21:59]: [INFO] [LICENSE] This product uses data from the GeoLite API created by MaxMind, available at http://www.maxmind.com
[10-26 20:21:59]: [INFO] Hooked successfully into Essentials
[10-26 20:21:59]: [INFO] Hooked successfully into Multiverse-Core
[10-26 20:21:59]: [WARN] WARNING! The protectInventory feature requires ProtocolLib! Disabling it...
[10-26 20:21:59]: [INFO] Development builds are available on our jenkins, thanks to f14stelt.
[10-26 20:21:59]: [INFO] Do you want a good game server? Look at our sponsor GameHosting.it leader in Italy as Game Server Provider!
[10-26 20:21:59]: [INFO] AuthMe 5.3.2 build n.1726 correctly enabled!
[10-26 20:25:14]: [FINE] Markd315 logged in!
[10-26 20:27:51]: [INFO] AuthMe 5.3.2-b1726 disabled!
[10-26 20:27:54]: [INFO] SQLite driver loaded
[10-26 20:27:54]: [INFO] SQLite Setup finished
[10-26 20:27:54]: [INFO] Hooked into PermissionsEx!
[10-26 20:27:54]: [INFO] [LICENSE] This product uses data from the GeoLite API created by MaxMind, available at http://www.maxmind.com
[10-26 20:27:54]: [INFO] Hooked successfully into Essentials
[10-26 20:27:54]: [INFO] Hooked successfully into Multiverse-Core
[10-26 20:27:54]: [WARN] WARNING! The protectInventory feature requires ProtocolLib! Disabling it...
[10-26 20:27:54]: [INFO] Development builds are available on our jenkins, thanks to f14stelt.
[10-26 20:27:54]: [INFO] Do you want a good game server? Look at our sponsor GameHosting.it leader in Italy as Game Server Provider!
[10-26 20:27:54]: [INFO] AuthMe 5.3.2 build n.1726 correctly enabled!
[10-26 20:28:01]: [FINE] Markd315 logged in!
[10-26 20:30:58]: [INFO] AuthMe 5.3.2-b1726 disabled!
[10-26 20:31:27]: [INFO] SQLite driver loaded
[10-26 20:31:27]: [INFO] SQLite Setup finished
[10-26 20:31:27]: [INFO] Hooked into PermissionsEx!
[10-26 20:31:27]: [INFO] [LICENSE] This product uses data from the GeoLite API created by MaxMind, available at http://www.maxmind.com
[10-26 20:31:27]: [INFO] Hooked successfully into Essentials
[10-26 20:31:27]: [INFO] Hooked successfully into Multiverse-Core
[10-26 20:31:27]: [WARN] WARNING! The protectInventory feature requires ProtocolLib! Disabling it...
[10-26 20:31:28]: [INFO] Development builds are available on our jenkins, thanks to f14stelt.
[10-26 20:31:28]: [INFO] Do you want a good game server? Look at our sponsor GameHosting.it leader in Italy as Game Server Provider!
[10-26 20:31:28]: [INFO] AuthMe 5.3.2 build n.1726 correctly enabled!
[10-26 20:31:42]: [FINE] Markd315 logged in!
[10-26 20:33:14]: [FINE] dalekcaan64 registered 64.238.186.190
[10-26 20:33:14]: [FINE] dalekcaan64 logged in!
[10-26 20:43:34]: [FINE] dalekcaan64 logged in!
[10-26 20:47:32]: [INFO] AuthMe 5.3.2-b1726 disabled!
[10-26 20:47:36]: [INFO] SQLite driver loaded
[10-26 20:47:36]: [INFO] SQLite Setup finished
[10-26 20:47:36]: [INFO] Hooked into PermissionsEx!
[10-26 20:47:36]: [INFO] [LICENSE] This product uses data from the GeoLite API created by MaxMind, available at http://www.maxmind.com
[10-26 20:47:36]: [INFO] Hooked successfully into Essentials
[10-26 20:47:36]: [INFO] Hooked successfully into Multiverse-Core
[10-26 20:47:36]: [WARN] WARNING! The protectInventory feature requires ProtocolLib! Disabling it...
[10-26 20:47:36]: [INFO] Development builds are available on our jenkins, thanks to f14stelt.
[10-26 20:47:36]: [INFO] Do you want a good game server? Look at our sponsor GameHosting.it leader in Italy as Game Server Provider!
[10-26 20:47:36]: [INFO] AuthMe 5.3.2 build n.1726 correctly enabled!
[10-26 20:48:42]: [FINE] Markd315 logged in!
[10-26 20:49:06]: [FINE] dalekcaan64 logged in!
[10-26 20:55:59]: [INFO] AuthMe 5.3.2-b1726 disabled!
[10-26 20:56:02]: [INFO] SQLite driver loaded
[10-26 20:56:02]: [INFO] SQLite Setup finished
[10-26 20:56:02]: [INFO] Not hooking into PermissionsEx because it's disabled!
[10-26 20:56:02]: [INFO] Hooked into Vault!
[10-26 20:56:02]: [INFO] Hooked successfully into Essentials
[10-26 20:56:02]: [INFO] Hooked successfully into Multiverse-Core
[10-26 20:56:02]: [INFO] [LICENSE] This product uses data from the GeoLite API created by MaxMind, available at http://www.maxmind.com
[10-26 20:56:03]: [WARN] WARNING! The protectInventory feature requires ProtocolLib! Disabling it...
[10-26 20:56:03]: [INFO] Development builds are available on our jenkins, thanks to f14stelt.
[10-26 20:56:03]: [INFO] Do you want a good game server? Look at our sponsor GameHosting.it leader in Italy as Game Server Provider!
[10-26 20:56:03]: [INFO] AuthMe 5.3.2 build n.1726 correctly enabled!
[10-26 20:56:16]: [FINE] Markd315 logged in!
[10-26 20:56:19]: [FINE] dalekcaan64 logged in!
[10-26 20:57:01]: [FINE] TheMightyWill99 registered 128.227.131.101
[10-26 20:57:01]: [FINE] TheMightyWill99 logged in!
[10-26 20:57:09]: [INFO] AuthMe 5.3.2-b1726 disabled!
[10-26 20:57:11]: [INFO] SQLite driver loaded
[10-26 20:57:12]: [INFO] SQLite Setup finished
[10-26 20:57:12]: [INFO] Not hooking into PermissionsEx because it's disabled!
[10-26 20:57:12]: [INFO] Hooked into Vault!
[10-26 20:57:12]: [INFO] Hooked successfully into Essentials
[10-26 20:57:12]: [INFO] Hooked successfully into Multiverse-Core
[10-26 20:57:12]: [INFO] [LICENSE] This product uses data from the GeoLite API created by MaxMind, available at http://www.maxmind.com
[10-26 20:57:12]: [WARN] WARNING! The protectInventory feature requires ProtocolLib! Disabling it...
[10-26 20:57:12]: [INFO] Development builds are available on our jenkins, thanks to f14stelt.
[10-26 20:57:12]: [INFO] Do you want a good game server? Look at our sponsor GameHosting.it leader in Italy as Game Server Provider!
[10-26 20:57:12]: [INFO] AuthMe 5.3.2 build n.1726 correctly enabled!
[10-26 20:57:34]: [FINE] Markd315 logged in!
[10-26 20:57:50]: [FINE] dalekcaan64 logged in!
[10-26 20:58:14]: [INFO] AuthMe 5.3.2-b1726 disabled!
[10-26 20:58:20]: [INFO] SQLite driver loaded
[10-26 20:58:20]: [INFO] SQLite Setup finished
[10-26 20:58:20]: [INFO] Hooked into PermissionsEx!
[10-26 20:58:20]: [INFO] [LICENSE] This product uses data from the GeoLite API created by MaxMind, available at http://www.maxmind.com
[10-26 20:58:20]: [INFO] Hooked successfully into Essentials
[10-26 20:58:20]: [INFO] Hooked successfully into Multiverse-Core
[10-26 20:58:20]: [WARN] WARNING! The protectInventory feature requires ProtocolLib! Disabling it...
[10-26 20:58:20]: [INFO] Development builds are available on our jenkins, thanks to f14stelt.
[10-26 20:58:20]: [INFO] Do you want a good game server? Look at our sponsor GameHosting.it leader in Italy as Game Server Provider!
[10-26 20:58:20]: [INFO] AuthMe 5.3.2 build n.1726 correctly enabled!
[10-26 20:58:26]: [FINE] dalekcaan64 logged in!
[10-26 20:58:29]: [FINE] Markd315 logged in!
[10-26 20:59:00]: [FINE] TheMightyWill99 logged in!
[10-26 21:02:56]: [INFO] AuthMe 5.3.2-b1726 disabled!
[10-26 21:07:19]: [INFO] SQLite driver loaded
[10-26 21:07:19]: [INFO] SQLite Setup finished
[10-26 21:07:19]: [INFO] Hooked into PermissionsEx!
[10-26 21:07:19]: [INFO] Hooked successfully into Essentials
[10-26 21:07:19]: [INFO] Hooked successfully into Multiverse-Core
[10-26 21:07:19]: [INFO] [LICENSE] This product uses data from the GeoLite API created by MaxMind, available at http://www.maxmind.com
[10-26 21:07:19]: [WARN] WARNING! The protectInventory feature requires ProtocolLib! Disabling it...
[10-26 21:07:19]: [INFO] Development builds are available on our jenkins, thanks to f14stelt.
[10-26 21:07:19]: [INFO] Do you want a good game server? Look at our sponsor GameHosting.it leader in Italy as Game Server Provider!
[10-26 21:07:19]: [INFO] AuthMe 5.3.2 build n.1726 correctly enabled!
[10-26 21:08:13]: [INFO] AuthMe 5.3.2-b1726 disabled!
[10-26 21:08:19]: [INFO] SQLite driver loaded
[10-26 21:08:19]: [INFO] SQLite Setup finished
[10-26 21:08:19]: [INFO] Hooked into PermissionsEx!
[10-26 21:08:19]: [INFO] Hooked successfully into Essentials
[10-26 21:08:19]: [INFO] Hooked successfully into Multiverse-Core
[10-26 21:08:19]: [INFO] [LICENSE] This product uses data from the GeoLite API created by MaxMind, available at http://www.maxmind.com
[10-26 21:08:19]: [WARN] WARNING! The protectInventory feature requires ProtocolLib! Disabling it...
[10-26 21:08:19]: [INFO] Development builds are available on our jenkins, thanks to f14stelt.
[10-26 21:08:19]: [INFO] Do you want a good game server? Look at our sponsor GameHosting.it leader in Italy as Game Server Provider!
[10-26 21:08:19]: [INFO] AuthMe 5.3.2 build n.1726 correctly enabled!
[10-26 21:08:25]: [FINE] Permissions_test registered 192.168.0.105
[10-26 21:08:25]: [FINE] The user Permissions_test has 2 accounts:
[10-26 21:08:25]: [FINE] §7markd315, §aPermissions_test§7.
[10-26 21:08:25]: [FINE] Permissions_test logged in!
[10-26 21:09:01]: [FINE] dalekcaan64 logged in!
[10-26 21:09:53]: [FINE] TheMightyWill99 logged in!
[10-26 21:16:24]: [INFO] AuthMe 5.3.2-b1726 disabled!
[10-26 21:16:27]: [INFO] SQLite driver loaded
[10-26 21:16:27]: [INFO] SQLite Setup finished
[10-26 21:16:27]: [INFO] Hooked into PermissionsEx!
[10-26 21:16:27]: [INFO] Hooked successfully into Essentials
[10-26 21:16:27]: [INFO] Hooked successfully into Multiverse-Core
[10-26 21:16:27]: [INFO] [LICENSE] This product uses data from the GeoLite API created by MaxMind, available at http://www.maxmind.com
[10-26 21:16:28]: [WARN] WARNING! The protectInventory feature requires ProtocolLib! Disabling it...
[10-26 21:16:28]: [INFO] Development builds are available on our jenkins, thanks to f14stelt.
[10-26 21:16:28]: [INFO] Do you want a good game server? Look at our sponsor GameHosting.it leader in Italy as Game Server Provider!
[10-26 21:16:28]: [INFO] AuthMe 5.3.2 build n.1726 correctly enabled!
[10-26 21:16:37]: [FINE] TheMightyWill99 logged in!
[10-26 21:16:39]: [FINE] The user Permissions_test has 2 accounts:
[10-26 21:16:39]: [FINE] §7markd315, §aPermissions_test§7.
[10-26 21:16:39]: [FINE] Permissions_test logged in!
[10-26 21:19:32]: [FINE] The user Markd315 has 2 accounts:
[10-26 21:19:32]: [FINE] §7§aMarkd315§7, permissions_test.
[10-26 21:19:32]: [FINE] Markd315 logged in!
[10-26 21:23:58]: [FINE] dalekcaan64 logged in!
[10-26 21:27:00]: [INFO] AuthMe 5.3.2-b1726 disabled!
[10-26 21:27:27]: [INFO] SQLite driver loaded
[10-26 21:27:28]: [INFO] SQLite Setup finished
[10-26 21:27:28]: [INFO] Hooked into PermissionsEx!
[10-26 21:27:28]: [INFO] [LICENSE] This product uses data from the GeoLite API created by MaxMind, available at http://www.maxmind.com
[10-26 21:27:28]: [INFO] Hooked successfully into Essentials
[10-26 21:27:28]: [INFO] Hooked successfully into Multiverse-Core
[10-26 21:27:28]: [WARN] WARNING! The protectInventory feature requires ProtocolLib! Disabling it...
[10-26 21:27:28]: [INFO] Development builds are available on our jenkins, thanks to f14stelt.
[10-26 21:27:28]: [INFO] Do you want a good game server? Look at our sponsor GameHosting.it leader in Italy as Game Server Provider!
[10-26 21:27:28]: [INFO] AuthMe 5.3.2 build n.1726 correctly enabled!
[10-26 21:28:36]: [FINE] TheMightyWill99 logged in!
[10-26 21:29:29]: [FINE] dalekcaan64 logged in!
[10-26 21:35:23]: [INFO] AuthMe 5.3.2-b1726 disabled!
[10-26 21:35:26]: [INFO] SQLite driver loaded
[10-26 21:35:26]: [INFO] SQLite Setup finished
[10-26 21:35:26]: [INFO] Hooked into PermissionsEx!
[10-26 21:35:26]: [INFO] [LICENSE] This product uses data from the GeoLite API created by MaxMind, available at http://www.maxmind.com
[10-26 21:35:26]: [INFO] Hooked successfully into Essentials
[10-26 21:35:26]: [INFO] Hooked successfully into Multiverse-Core
[10-26 21:35:26]: [WARN] WARNING! The protectInventory feature requires ProtocolLib! Disabling it...
[10-26 21:35:26]: [INFO] Development builds are available on our jenkins, thanks to f14stelt.
[10-26 21:35:26]: [INFO] Do you want a good game server? Look at our sponsor GameHosting.it leader in Italy as Game Server Provider!
[10-26 21:35:26]: [INFO] AuthMe 5.3.2 build n.1726 correctly enabled!
[10-26 21:35:42]: [FINE] dalekcaan64 logged in!
[10-26 21:41:36]: [INFO] AuthMe 5.3.2-b1726 disabled!
[10-26 21:41:40]: [INFO] SQLite driver loaded
[10-26 21:41:40]: [INFO] SQLite Setup finished
[10-26 21:41:40]: [INFO] Hooked into PermissionsEx!
[10-26 21:41:40]: [INFO] [LICENSE] This product uses data from the GeoLite API created by MaxMind, available at http://www.maxmind.com
[10-26 21:41:40]: [INFO] Hooked successfully into Essentials
[10-26 21:41:40]: [INFO] Hooked successfully into Multiverse-Core
[10-26 21:41:40]: [WARN] WARNING! The protectInventory feature requires ProtocolLib! Disabling it...
[10-26 21:41:40]: [INFO] Development builds are available on our jenkins, thanks to f14stelt.
[10-26 21:41:40]: [INFO] Do you want a good game server? Look at our sponsor GameHosting.it leader in Italy as Game Server Provider!
[10-26 21:41:40]: [INFO] AuthMe 5.3.2 build n.1726 correctly enabled!
[10-26 21:42:00]: [FINE] The user Markd315 has 2 accounts:
[10-26 21:42:00]: [FINE] §7§aMarkd315§7, permissions_test.
[10-26 21:42:00]: [FINE] Markd315 logged in!
[10-26 21:42:40]: [FINE] The user Permissions_test has 2 accounts:
[10-26 21:42:40]: [FINE] §7markd315, §aPermissions_test§7.
[10-26 21:42:40]: [FINE] Permissions_test logged in!
[10-26 21:45:10]: [INFO] AuthMe 5.3.2-b1726 disabled!
[10-26 21:45:41]: [INFO] SQLite driver loaded
[10-26 21:45:41]: [INFO] SQLite Setup finished
[10-26 21:45:41]: [INFO] Hooked into PermissionsEx!
[10-26 21:45:41]: [INFO] Hooked successfully into Essentials
[10-26 21:45:41]: [INFO] Hooked successfully into Multiverse-Core
[10-26 21:45:41]: [INFO] [LICENSE] This product uses data from the GeoLite API created by MaxMind, available at http://www.maxmind.com
[10-26 21:45:41]: [WARN] WARNING! The protectInventory feature requires ProtocolLib! Disabling it...
[10-26 21:45:41]: [INFO] Development builds are available on our jenkins, thanks to f14stelt.
[10-26 21:45:41]: [INFO] Do you want a good game server? Look at our sponsor GameHosting.it leader in Italy as Game Server Provider!
[10-26 21:45:41]: [INFO] AuthMe 5.3.2 build n.1726 correctly enabled!
[10-26 21:46:24]: [FINE] The user Permissions_test has 2 accounts:
[10-26 21:46:24]: [FINE] §7markd315, §aPermissions_test§7.
[10-26 21:46:24]: [FINE] Permissions_test logged in!
[10-26 21:59:25]: [FINE] dalekcaan64 logged in!
[10-27 19:31:50]: [FINE] dalekcaan64 logged in!
