[00:34:49] [Server thread/INFO]: Starting minecraft server version 1.10.2
[00:34:49] [Server thread/INFO]: Loading properties
[00:34:49] [Server thread/WARN]: resource-pack-hash is deprecated and found along side resource-pack-sha1. resource-pack-hash will be ignored.
[00:34:49] [Server thread/INFO]: Default game type: SURVIVAL
[00:34:49] [Server thread/INFO]: This server is running CraftBukkit version git-Spigot-5391d73-0ebb9c7 (MC: 1.10.2) (Implementing API version 1.10.2-R0.1-SNAPSHOT)
[00:34:50] [Server thread/INFO]: Debug logging is disabled
[00:34:50] [Server thread/INFO]: Server Ping Player Sample Count: 12
[00:34:50] [Server thread/INFO]: Using 4 threads for Netty based IO
[00:34:50] [Server thread/INFO]: Generating keypair
[00:34:50] [Server thread/INFO]: Starting Minecraft server on 127.0.0.1:25566
[00:34:50] [Server thread/INFO]: Using default channel type
[00:34:50] [Server thread/WARN]: Plugin `Sign_Casino_Blackjack v1.5' uses the space-character (0x20) in its name `Sign Casino Blackjack' - this is discouraged
[00:34:50] [Server thread/WARN]: Plugin `Simple_Poll v0.2.1' uses the space-character (0x20) in its name `Simple Poll' - this is discouraged
[00:34:50] [Server thread/INFO]: Set PluginClassLoader as parallel capable
[00:34:50] [Server thread/ERROR]: Could not load 'plugins\DiceFurniture.jar' in folder 'plugins'
org.bukkit.plugin.UnknownDependencyException: FurnitureLib
	at org.bukkit.plugin.SimplePluginManager.loadPlugins(SimplePluginManager.java:219) [jar.jar:git-Spigot-5391d73-0ebb9c7]
	at org.bukkit.craftbukkit.v1_10_R1.CraftServer.loadPlugins(CraftServer.java:297) [jar.jar:git-Spigot-5391d73-0ebb9c7]
	at net.minecraft.server.v1_10_R1.DedicatedServer.init(DedicatedServer.java:202) [jar.jar:git-Spigot-5391d73-0ebb9c7]
	at net.minecraft.server.v1_10_R1.MinecraftServer.run(MinecraftServer.java:539) [jar.jar:git-Spigot-5391d73-0ebb9c7]
	at java.lang.Thread.run(Unknown Source) [?:1.8.0_101]
[00:34:50] [Server thread/INFO]: [CleanroomGenerator] Loading CleanroomGenerator v1.0.0
[00:34:50] [Server thread/INFO]: [dynmap] Loading dynmap v2.3-1142
[00:34:50] [Server thread/INFO]: [dynmap] version=git-Spigot-5391d73-0ebb9c7 (MC: 1.10.2)
[00:34:50] [Server thread/INFO]: [dynmap] Mod Support API available
[00:34:50] [Server thread/INFO]: [WorldEdit] Loading WorldEdit v5.6.3
[00:34:50] [Server thread/INFO]: [ColoredSigns] Loading ColoredSigns v2.0
[00:34:50] [Server thread/INFO]: [Questioner] Loading Questioner v0.6
[00:34:50] [Server thread/INFO]: [CityWorld] Loading CityWorld v3.01
[00:34:50] [Server thread/INFO]: [TerrainControl] Loading TerrainControl v2.7.1
[00:34:50] [Server thread/INFO]: [Essentials] Loading Essentials vTeamCity
[00:34:50] [Server thread/INFO]: [Lift] Loading Lift v52
[00:34:50] [Server thread/INFO]: [XPConomy] Loading XPConomy v1.1
[00:34:50] [Server thread/INFO]: [XPConomy] Has been loaded
[00:34:50] [Server thread/INFO]: [RandomTP] Loading RandomTP v1.0.5
[00:34:50] [Server thread/INFO]: [Lockette] Loading Lockette v1.8.21
[00:34:50] [Server thread/INFO]: [Multiverse-Core] Loading Multiverse-Core v2.5.0-SNAPSHOT-b722
[00:34:50] [Server thread/INFO]: [WorldGuard] Loading WorldGuard v6.1.1-SNAPSHOT.1623-96e0ffd
[00:34:50] [Server thread/INFO]: [BungeePortals] Loading BungeePortals v1.2
[00:34:50] [Server thread/INFO]: [Pegasus] Loading Pegasus v1.0.1
[00:34:50] [Server thread/INFO]: [EssentialsProtect] Loading EssentialsProtect vTeamCity
[00:34:50] [Server thread/INFO]: [Simple_Poll] Loading Simple_Poll v0.2.1
[00:34:50] [Server thread/INFO]: [EssentialsGeoIP] Loading EssentialsGeoIP v2.13.1
[00:34:50] [Server thread/INFO]: [PermissionsEx] Loading PermissionsEx v1.23.4
[00:34:50] [Server thread/WARN]: [PermissionsEx] This server is in offline mode. Unless this server is configured to integrate with a supported proxy (see http://dft.ba/-8ous), UUIDs *may not be stable*!
[00:34:50] [Server thread/INFO]: [mcMMO] Loading mcMMO v1.5.05-SNAPSHOT-b136
[00:34:50] [Server thread/INFO]: [GlobalShop] Loading GlobalShop v0.91
[00:34:50] [Server thread/INFO]: [Multiverse-Portals] Loading Multiverse-Portals v2.5.0-SNAPSHOT-b746
[00:34:50] [Server thread/INFO]: [Vault] Loading Vault v1.5.3-b37
[00:34:50] [Server thread/INFO]: [EssentialsSpawn] Loading EssentialsSpawn vTeamCity
[00:34:50] [Server thread/INFO]: [ParticleHats] Loading ParticleHats v3.0.1
[00:34:50] [Server thread/INFO]: [ChestShop] Loading ChestShop v3.8.12
[00:34:50] [Server thread/INFO]: [SWatchdog] Loading SWatchdog v1.19
[00:34:50] [Server thread/INFO]: [mcjobs] Loading mcjobs v3.2.0
[00:34:50] [Server thread/INFO]: [PVP Arena] Loading pvparena v1.3.1.50
[00:34:50] [Server thread/INFO]: [AuthMe] Loading AuthMe v5.2-BETA3-b1134
[00:34:50] [Server thread/INFO]: [Autorank] Loading Autorank v3.8.3
[00:34:50] [Server thread/INFO]: [MonsterBox] Loading MonsterBox v1.2
[00:34:50] [Server thread/INFO]: [PerWorldInventory] Loading PerWorldInventory v1.7.8
[00:34:50] [Server thread/INFO]: [Auctions] Loading Auctions v2.1.2-SNAPSHOT
[00:34:50] [Server thread/INFO]: [Banknotes] Loading Banknotes v0.1.5
[00:34:50] [Server thread/INFO]: [InstantReset] Loading InstantReset v1.9-antony
[00:34:50] [Server thread/INFO]: [Citizens] Loading Citizens v2.0.19-SNAPSHOT (build 1374)
[00:34:50] [Server thread/INFO]: [Sign_Casino_Blackjack] Loading Sign_Casino_Blackjack v1.5
[00:34:50] [Server thread/INFO]: [IslandWorld] Loading IslandWorld v6.5
[00:34:50] [Server thread/INFO]: [HeavySpleef] Loading HeavySpleef v2.1.1
[00:34:50] [Server thread/INFO]: [Hotels] Loading Hotels v0.6.1
[00:34:50] [Server thread/INFO]: [PlayerInfo] Loading PlayerInfo v2.0
[00:34:50] [Server thread/INFO]: [Towny] Loading Towny v0.89.2.0
[00:34:50] [Server thread/INFO]: [MobArena] Loading MobArena v0.96.9
[00:34:50] [Server thread/INFO]: [TownyChat] Loading TownyChat v0.42
[00:34:50] [Server thread/INFO]: [CasinoSlots] Loading CasinoSlots v2.5.7-b11
[00:34:50] [Server thread/INFO]: [CleanroomGenerator] Enabling CleanroomGenerator v1.0.0
[00:34:50] [Server thread/INFO]: [CleanroomGenerator] CleanroomGenerator v1.0.0 enabled
[00:34:50] [Server thread/INFO]: [CityWorld] Enabling CityWorld v3.01
[00:34:50] [Server thread/INFO]: [TerrainControl] Enabling TerrainControl v2.7.1
[00:34:50] [Server thread/INFO]: [TerrainControl] [INFO] 20 Global custom objects loaded
[00:34:50] [Server thread/ERROR]: Error occurred while enabling TerrainControl v2.7.1 (Is it up to date?)
java.lang.NoClassDefFoundError: net/minecraft/server/v1_8_R3/WorldGenFactory
	at com.khorn.terraincontrol.bukkit.TCPlugin.onEnable(TCPlugin.java:88) ~[?:?]
	at org.bukkit.plugin.java.JavaPlugin.setEnabled(JavaPlugin.java:292) ~[jar.jar:git-Spigot-5391d73-0ebb9c7]
	at org.bukkit.plugin.java.JavaPluginLoader.enablePlugin(JavaPluginLoader.java:340) [jar.jar:git-Spigot-5391d73-0ebb9c7]
	at org.bukkit.plugin.SimplePluginManager.enablePlugin(SimplePluginManager.java:405) [jar.jar:git-Spigot-5391d73-0ebb9c7]
	at org.bukkit.craftbukkit.v1_10_R1.CraftServer.loadPlugin(CraftServer.java:362) [jar.jar:git-Spigot-5391d73-0ebb9c7]
	at org.bukkit.craftbukkit.v1_10_R1.CraftServer.enablePlugins(CraftServer.java:322) [jar.jar:git-Spigot-5391d73-0ebb9c7]
	at net.minecraft.server.v1_10_R1.DedicatedServer.init(DedicatedServer.java:203) [jar.jar:git-Spigot-5391d73-0ebb9c7]
	at net.minecraft.server.v1_10_R1.MinecraftServer.run(MinecraftServer.java:539) [jar.jar:git-Spigot-5391d73-0ebb9c7]
	at java.lang.Thread.run(Unknown Source) [?:1.8.0_101]
Caused by: java.lang.ClassNotFoundException: net.minecraft.server.v1_8_R3.WorldGenFactory
	at org.bukkit.plugin.java.PluginClassLoader.findClass(PluginClassLoader.java:91) ~[jar.jar:git-Spigot-5391d73-0ebb9c7]
	at org.bukkit.plugin.java.PluginClassLoader.findClass(PluginClassLoader.java:86) ~[jar.jar:git-Spigot-5391d73-0ebb9c7]
	at java.lang.ClassLoader.loadClass(Unknown Source) ~[?:1.8.0_101]
	at java.lang.ClassLoader.loadClass(Unknown Source) ~[?:1.8.0_101]
	... 9 more
[00:34:50] [Server thread/INFO]: [mcMMO] Enabling mcMMO v1.5.05-SNAPSHOT-b136
[00:34:50] [Server thread/WARN]: [mcMMO] Invalid material: POTION_POISON
[00:34:50] [Server thread/WARN]: [mcMMO] Potion format for Treasures.yml has changed
[00:34:50] [Server thread/WARN]: [mcMMO] Invalid material: POTION_INSTANT_HEAL
[00:34:50] [Server thread/WARN]: [mcMMO] Potion format for Treasures.yml has changed
[00:34:50] [Server thread/WARN]: [mcMMO] Invalid material: POTION_FIRE_RESISTANCE
[00:34:50] [Server thread/WARN]: [mcMMO] Potion format for Treasures.yml has changed
[00:34:50] [Server thread/WARN]: [mcMMO] Invalid material: POTION_SPEED
[00:34:50] [Server thread/WARN]: [mcMMO] Potion format for Treasures.yml has changed
[00:34:50] [Server thread/WARN]: [mcMMO] Failed to load Alchemy potion: 64
[00:34:50] [Server thread/WARN]: [mcMMO] Failed to load Alchemy potion: 832
[00:34:50] [Server thread/WARN]: [mcMMO] Failed to load Alchemy potion: 1088
[00:34:50] [Server thread/WARN]: [mcMMO] Failed to load Alchemy potion: 2112
[00:34:50] [Server thread/WARN]: [mcMMO] Failed to load Alchemy potion: 2368
[00:34:50] [Server thread/WARN]: [mcMMO] Failed to load Alchemy potion: 2880
[00:34:50] [Server thread/WARN]: [mcMMO] Failed to load Alchemy potion: 3904
[00:34:50] [Server thread/WARN]: [mcMMO] Failed to load Alchemy potion: 4416
[00:34:50] [Server thread/WARN]: [mcMMO] Failed to load Alchemy potion: 5184
[00:34:50] [Server thread/WARN]: [mcMMO] Failed to load Alchemy potion: 5440
[00:34:50] [Server thread/WARN]: [mcMMO] Failed to load Alchemy potion: 5696
[00:34:50] [Server thread/WARN]: [mcMMO] Failed to load Alchemy potion: 17216
[00:34:50] [Server thread/WARN]: [mcMMO] Failed to load Alchemy potion: 17472
[00:34:50] [Server thread/WARN]: [mcMMO] Failed to load Alchemy potion: 18496
[00:34:50] [Server thread/WARN]: [mcMMO] Failed to load Alchemy potion: 18752
[00:34:50] [Server thread/WARN]: [mcMMO] Failed to load Alchemy potion: 19264
[00:34:50] [Server thread/WARN]: [mcMMO] Failed to load Alchemy potion: 20288
[00:34:50] [Server thread/WARN]: [mcMMO] Failed to load Alchemy potion: 20800
[00:34:50] [Server thread/WARN]: [mcMMO] Failed to load Alchemy potion: 21568
[00:34:50] [Server thread/WARN]: [mcMMO] Failed to load Alchemy potion: 21824
[00:34:50] [Server thread/WARN]: [mcMMO] Failed to load Alchemy potion: 22080
[00:34:51] [Server thread/INFO]: [Vault] Enabling Vault v1.5.3-b37
[00:34:51] [Server thread/INFO]: [Vault] [Economy] Essentials Economy found: Waiting
[00:34:51] [Server thread/INFO]: [Vault] [Permission] PermissionsEx found: Waiting
[00:34:51] [Server thread/INFO]: [Vault] [Permission] SuperPermissions loaded as backup permission system.
[00:34:51] [Server thread/INFO]: [Vault] [Chat] PermissionsEx found: Waiting
[00:34:51] [Server thread/INFO]: [Vault] Enabled Version 1.5.3-b37
[00:34:51] [Server thread/WARN]: **** SERVER IS RUNNING IN OFFLINE/INSECURE MODE!
[00:34:51] [Server thread/WARN]: The server will make no attempt to authenticate usernames. Beware.
[00:34:51] [Server thread/WARN]: Whilst this makes it possible to use BungeeCord, unless access to your server is properly restricted, it also opens up the ability for hackers to connect with any username they choose.
[00:34:51] [Server thread/WARN]: Please see http://www.spigotmc.org/wiki/firewall-guide/ for further information.
[00:34:51] [Server thread/WARN]: To change this, set "online-mode" to "true" in the server.properties file.
[00:34:51] [Server thread/INFO]: **** Beginning UUID conversion, this may take A LONG time ****
[00:34:51] [Server thread/INFO]: Preparing level "Caoms"
[00:34:51] [Server thread/INFO]: -------- World Settings For [Caoms] --------
[00:34:51] [Server thread/INFO]: Zombie Aggressive Towards Villager: true
[00:34:51] [Server thread/INFO]: Allow Zombie Pigmen to spawn from portal blocks: true
[00:34:51] [Server thread/INFO]: Item Merge Radius: 2.5
[00:34:51] [Server thread/INFO]: Item Despawn Rate: 6000
[00:34:51] [Server thread/INFO]: Arrow Despawn Rate: 1200
[00:34:51] [Server thread/INFO]: View Distance: 10
[00:34:51] [Server thread/INFO]: Experience Merge Radius: 3.0
[00:34:51] [Server thread/INFO]: Nerfing mobs spawned from spawners: false
[00:34:51] [Server thread/INFO]: Mob Spawn Range: 4
[00:34:51] [Server thread/INFO]: Cactus Growth Modifier: 100%
[00:34:51] [Server thread/INFO]: Cane Growth Modifier: 100%
[00:34:51] [Server thread/INFO]: Melon Growth Modifier: 100%
[00:34:51] [Server thread/INFO]: Mushroom Growth Modifier: 100%
[00:34:51] [Server thread/INFO]: Pumpkin Growth Modifier: 100%
[00:34:51] [Server thread/INFO]: Sapling Growth Modifier: 100%
[00:34:51] [Server thread/INFO]: Wheat Growth Modifier: 100%
[00:34:51] [Server thread/INFO]: NetherWart Growth Modifier: 100%
[00:34:51] [Server thread/INFO]: Entity Activation Range: An 32 / Mo 32 / Mi 16
[00:34:51] [Server thread/INFO]: Entity Tracking Range: Pl 48 / An 48 / Mo 48 / Mi 32 / Other 64
[00:34:51] [Server thread/INFO]: Hopper Transfer: 8 Hopper Check: 8 Hopper Amount: 1
[00:34:51] [Server thread/INFO]: Max TNT Explosions: 100
[00:34:51] [Server thread/INFO]: Structure Info Saving: true
[00:34:51] [Server thread/INFO]: Random Lighting Updates: false
[00:34:51] [Server thread/INFO]: Tile Max Tick Time: 50ms Entity max Tick Time: 50ms
[00:34:51] [Server thread/INFO]: Max Entity Collisions: 8
[00:34:51] [Server thread/INFO]: Custom Map Seeds:  Village: 10387312 Feature: 14357617
[00:34:51] [Server thread/INFO]: -------- World Settings For [Caoms_nether] --------
[00:34:51] [Server thread/INFO]: Zombie Aggressive Towards Villager: true
[00:34:51] [Server thread/INFO]: Allow Zombie Pigmen to spawn from portal blocks: true
[00:34:51] [Server thread/INFO]: Item Merge Radius: 2.5
[00:34:51] [Server thread/INFO]: Item Despawn Rate: 6000
[00:34:51] [Server thread/INFO]: Arrow Despawn Rate: 1200
[00:34:51] [Server thread/INFO]: View Distance: 10
[00:34:51] [Server thread/INFO]: Experience Merge Radius: 3.0
[00:34:51] [Server thread/INFO]: Nerfing mobs spawned from spawners: false
[00:34:51] [Server thread/INFO]: Mob Spawn Range: 4
[00:34:51] [Server thread/INFO]: Cactus Growth Modifier: 100%
[00:34:51] [Server thread/INFO]: Cane Growth Modifier: 100%
[00:34:51] [Server thread/INFO]: Melon Growth Modifier: 100%
[00:34:51] [Server thread/INFO]: Mushroom Growth Modifier: 100%
[00:34:51] [Server thread/INFO]: Pumpkin Growth Modifier: 100%
[00:34:51] [Server thread/INFO]: Sapling Growth Modifier: 100%
[00:34:51] [Server thread/INFO]: Wheat Growth Modifier: 100%
[00:34:51] [Server thread/INFO]: NetherWart Growth Modifier: 100%
[00:34:51] [Server thread/INFO]: Entity Activation Range: An 32 / Mo 32 / Mi 16
[00:34:51] [Server thread/INFO]: Entity Tracking Range: Pl 48 / An 48 / Mo 48 / Mi 32 / Other 64
[00:34:51] [Server thread/INFO]: Hopper Transfer: 8 Hopper Check: 8 Hopper Amount: 1
[00:34:51] [Server thread/INFO]: Max TNT Explosions: 100
[00:34:51] [Server thread/INFO]: Structure Info Saving: true
[00:34:51] [Server thread/INFO]: Random Lighting Updates: false
[00:34:51] [Server thread/INFO]: Tile Max Tick Time: 50ms Entity max Tick Time: 50ms
[00:34:51] [Server thread/INFO]: Max Entity Collisions: 8
[00:34:51] [Server thread/INFO]: Custom Map Seeds:  Village: 10387312 Feature: 14357617
[00:34:51] [Server thread/INFO]: -------- World Settings For [Caoms_the_end] --------
[00:34:51] [Server thread/INFO]: Zombie Aggressive Towards Villager: true
[00:34:51] [Server thread/INFO]: Allow Zombie Pigmen to spawn from portal blocks: true
[00:34:51] [Server thread/INFO]: Item Merge Radius: 2.5
[00:34:51] [Server thread/INFO]: Item Despawn Rate: 6000
[00:34:51] [Server thread/INFO]: Arrow Despawn Rate: 1200
[00:34:51] [Server thread/INFO]: View Distance: 10
[00:34:51] [Server thread/INFO]: Experience Merge Radius: 3.0
[00:34:51] [Server thread/INFO]: Nerfing mobs spawned from spawners: false
[00:34:51] [Server thread/INFO]: Mob Spawn Range: 4
[00:34:51] [Server thread/INFO]: Cactus Growth Modifier: 100%
[00:34:51] [Server thread/INFO]: Cane Growth Modifier: 100%
[00:34:51] [Server thread/INFO]: Melon Growth Modifier: 100%
[00:34:51] [Server thread/INFO]: Mushroom Growth Modifier: 100%
[00:34:51] [Server thread/INFO]: Pumpkin Growth Modifier: 100%
[00:34:51] [Server thread/INFO]: Sapling Growth Modifier: 100%
[00:34:51] [Server thread/INFO]: Wheat Growth Modifier: 100%
[00:34:51] [Server thread/INFO]: NetherWart Growth Modifier: 100%
[00:34:51] [Server thread/INFO]: Entity Activation Range: An 32 / Mo 32 / Mi 16
[00:34:51] [Server thread/INFO]: Entity Tracking Range: Pl 48 / An 48 / Mo 48 / Mi 32 / Other 64
[00:34:51] [Server thread/INFO]: Hopper Transfer: 8 Hopper Check: 8 Hopper Amount: 1
[00:34:51] [Server thread/INFO]: Max TNT Explosions: 100
[00:34:51] [Server thread/INFO]: Structure Info Saving: true
[00:34:51] [Server thread/INFO]: Random Lighting Updates: false
[00:34:51] [Server thread/INFO]: Tile Max Tick Time: 50ms Entity max Tick Time: 50ms
[00:34:51] [Server thread/INFO]: Max Entity Collisions: 8
[00:34:51] [Server thread/INFO]: Custom Map Seeds:  Village: 10387312 Feature: 14357617
[00:34:51] [Server thread/INFO]: Preparing start region for level 0 (Seed: 141107)
[00:34:52] [Server thread/INFO]: Preparing start region for level 1 (Seed: -112264684490207063)
[00:34:52] [Server thread/INFO]: Preparing start region for level 2 (Seed: -112264684490207063)
[00:34:53] [Server thread/INFO]: [dynmap] Enabling dynmap v2.3-1142
[00:34:53] [Server thread/INFO]: [dynmap] Added 1 custom biome mappings
[00:34:53] [Server thread/INFO]: [PermissionsEx] Enabling PermissionsEx v1.23.4
[00:34:53] [Server thread/INFO]: [PermissionsEx] Initializing file backend
[00:34:53] [Server thread/INFO]: [PermissionsEx] Permissions file successfully reloaded
[00:34:53] [Server thread/INFO]: [Vault][Permission] PermissionsEx hooked.
[00:34:53] [Server thread/INFO]: [Vault][Chat] PermissionsEx_Chat hooked.
[00:34:53] [Server thread/INFO]: [dynmap] Using PermissionsEx 1.23.4 for access control
[00:34:53] [Server thread/INFO]: [dynmap] Mod Support processing completed
[00:34:53] [Server thread/INFO]: [dynmap] Loaded 23 shaders.
[00:34:53] [Thread-9/WARN]: [PermissionsEx] The updater could not find any files for the project id 31279
[00:34:53] [Server thread/INFO]: [dynmap] Loaded 82 perspectives.
[00:34:53] [Server thread/INFO]: [dynmap] Loaded 14 lightings.
[00:34:53] [Server thread/INFO]: [dynmap] Web server started on address 127.0.0.1:8123
[00:34:53] [Server thread/INFO]: [dynmap] version 2.3-1142 is enabled - core version 2.3-2074
[00:34:53] [Server thread/INFO]: [dynmap] Loaded 3 maps of world 'Caoms'.
[00:34:53] [Server thread/INFO]: [dynmap] Loaded 2 maps of world 'Caoms_nether'.
[00:34:53] [Server thread/INFO]: [dynmap] Loaded 2 maps of world 'Caoms_the_end'.
[00:34:53] [Server thread/INFO]: [dynmap] Enabled
[00:34:54] [Server thread/INFO]: [WorldEdit] Enabling WorldEdit v5.6.3
[00:34:54] [Server thread/INFO]: WEPIF: PermissionsEx detected! Using PermissionsEx for permissions.
[00:34:54] [Server thread/INFO]: [ColoredSigns] Enabling ColoredSigns v2.0
[00:34:54] [Server thread/INFO]: [ColoredSigns] ColoredSigns enabling.
[00:34:54] [Server thread/WARN]: [ColoredSigns] PermissionsEx support is disabled.
[00:34:54] [Server thread/INFO]: [ColoredSigns] Starting services.. loading file and library's.
[00:34:54] [Server thread/INFO]: [Questioner] Enabling Questioner v0.6
[00:34:54] [Server thread/INFO]: [Questioner] v0.6 - Enabled
[00:34:54] [Server thread/INFO]: [Essentials] Enabling Essentials vTeamCity
[00:34:54] [Server thread/WARN]: §4Version mismatch! Please update EssentialsGeoIP to the same version.
[00:34:54] [Server thread/INFO]: Bukkit version format changed. Version not checked.
[00:34:54] [Server thread/INFO]: git-Spigot-5391d73-0ebb9c7 (MC: 1.10.2)
[00:34:54] [Server thread/INFO]: 1.10.2-R0.1-SNAPSHOT
[00:34:54] [Server thread/INFO]: Using locale en_US
[00:34:54] [Server thread/INFO]: Using locale en_US
[00:34:54] [Server thread/INFO]: [Vault][Economy] Essentials Economy hooked.
[00:34:54] [Server thread/INFO]: Essentials: Using PermissionsEx based permissions.
[00:34:54] [Server thread/INFO]: [Lift] Enabling Lift v52
[00:34:54] [Server thread/INFO]: Lift v52 is now enabled!
[00:34:54] [Server thread/INFO]: [XPConomy] Enabling XPConomy v1.1
[00:34:54] [Server thread/INFO]: [XPConomy] Has been enabled
[00:34:54] [Server thread/INFO]: [RandomTP] Enabling RandomTP v1.0.5
[00:34:54] [Server thread/INFO]: [0;30;1m[21m[[0;31;1m[21mRandomTP[0;30;1m[21m][0;37;22m has been enabled correctly![m
[00:34:54] [Server thread/INFO]: #######################################################
[00:34:54] [Server thread/INFO]: ##                RandomTP (Oficial)                 ##
[00:34:54] [Server thread/INFO]: ##                 By ThePoshoGamer                  ##
[00:34:54] [Server thread/INFO]: #######################################################
[00:34:54] [Server thread/INFO]: ##    Tnks for downloading this resource plugin!     ##
[00:34:54] [Server thread/INFO]: ##             [RandomTP] Reloaded 1.0               ##
[00:34:54] [Server thread/INFO]: #######################################################
[00:34:54] [Server thread/INFO]: [Lockette] Enabling Lockette v1.8.21
[00:34:54] [Server thread/INFO]: [Lockette] Version 1.8.21 is being enabled!  Yay!  (Core version 1.3.5)
[00:34:54] [Server thread/ERROR]: [Lockette] Detected Bukkit build [v1_10_R1], but requires version [1.8] or greater!
[00:34:54] [Server thread/ERROR]: [Lockette] Aborting enable!
[00:34:54] [Server thread/INFO]: [Multiverse-Core] Enabling Multiverse-Core v2.5.0-SNAPSHOT-b722
[00:34:55] [Server thread/INFO]: -------- World Settings For [Legora] --------
[00:34:55] [Server thread/INFO]: Zombie Aggressive Towards Villager: true
[00:34:55] [Server thread/INFO]: Allow Zombie Pigmen to spawn from portal blocks: true
[00:34:55] [Server thread/INFO]: Item Merge Radius: 2.5
[00:34:55] [Server thread/INFO]: Item Despawn Rate: 6000
[00:34:55] [Server thread/INFO]: Arrow Despawn Rate: 1200
[00:34:55] [Server thread/INFO]: View Distance: 10
[00:34:55] [Server thread/INFO]: Experience Merge Radius: 3.0
[00:34:55] [Server thread/INFO]: Nerfing mobs spawned from spawners: false
[00:34:55] [Server thread/INFO]: Mob Spawn Range: 4
[00:34:55] [Server thread/INFO]: Cactus Growth Modifier: 100%
[00:34:55] [Server thread/INFO]: Cane Growth Modifier: 100%
[00:34:55] [Server thread/INFO]: Melon Growth Modifier: 100%
[00:34:55] [Server thread/INFO]: Mushroom Growth Modifier: 100%
[00:34:55] [Server thread/INFO]: Pumpkin Growth Modifier: 100%
[00:34:55] [Server thread/INFO]: Sapling Growth Modifier: 100%
[00:34:55] [Server thread/INFO]: Wheat Growth Modifier: 100%
[00:34:55] [Server thread/INFO]: NetherWart Growth Modifier: 100%
[00:34:55] [Server thread/INFO]: Entity Activation Range: An 32 / Mo 32 / Mi 16
[00:34:55] [Server thread/INFO]: Entity Tracking Range: Pl 48 / An 48 / Mo 48 / Mi 32 / Other 64
[00:34:55] [Server thread/INFO]: Hopper Transfer: 8 Hopper Check: 8 Hopper Amount: 1
[00:34:55] [Server thread/INFO]: Max TNT Explosions: 100
[00:34:55] [Server thread/INFO]: Structure Info Saving: true
[00:34:55] [Server thread/INFO]: Random Lighting Updates: false
[00:34:55] [Server thread/INFO]: Tile Max Tick Time: 50ms Entity max Tick Time: 50ms
[00:34:55] [Server thread/INFO]: Max Entity Collisions: 8
[00:34:55] [Server thread/INFO]: Custom Map Seeds:  Village: 10387312 Feature: 14357617
[00:34:55] [Server thread/INFO]: Preparing start region for level 3 (Seed: -2811765969372114165)
[00:34:55] [Server thread/INFO]: [dynmap] Loaded 3 maps of world 'Legora'.
[00:34:55] [Server thread/INFO]: -------- World Settings For [Odawth] --------
[00:34:55] [Server thread/INFO]: Zombie Aggressive Towards Villager: true
[00:34:55] [Server thread/INFO]: Allow Zombie Pigmen to spawn from portal blocks: true
[00:34:55] [Server thread/INFO]: Item Merge Radius: 2.5
[00:34:55] [Server thread/INFO]: Item Despawn Rate: 6000
[00:34:55] [Server thread/INFO]: Arrow Despawn Rate: 1200
[00:34:55] [Server thread/INFO]: View Distance: 10
[00:34:55] [Server thread/INFO]: Experience Merge Radius: 3.0
[00:34:55] [Server thread/INFO]: Nerfing mobs spawned from spawners: false
[00:34:55] [Server thread/INFO]: Mob Spawn Range: 4
[00:34:55] [Server thread/INFO]: Cactus Growth Modifier: 100%
[00:34:55] [Server thread/INFO]: Cane Growth Modifier: 100%
[00:34:55] [Server thread/INFO]: Melon Growth Modifier: 100%
[00:34:55] [Server thread/INFO]: Mushroom Growth Modifier: 100%
[00:34:55] [Server thread/INFO]: Pumpkin Growth Modifier: 100%
[00:34:55] [Server thread/INFO]: Sapling Growth Modifier: 100%
[00:34:55] [Server thread/INFO]: Wheat Growth Modifier: 100%
[00:34:55] [Server thread/INFO]: NetherWart Growth Modifier: 100%
[00:34:55] [Server thread/INFO]: Entity Activation Range: An 32 / Mo 32 / Mi 16
[00:34:55] [Server thread/INFO]: Entity Tracking Range: Pl 48 / An 48 / Mo 48 / Mi 32 / Other 64
[00:34:55] [Server thread/INFO]: Hopper Transfer: 8 Hopper Check: 8 Hopper Amount: 1
[00:34:55] [Server thread/INFO]: Max TNT Explosions: 100
[00:34:55] [Server thread/INFO]: Structure Info Saving: true
[00:34:55] [Server thread/INFO]: Random Lighting Updates: false
[00:34:55] [Server thread/INFO]: Tile Max Tick Time: 50ms Entity max Tick Time: 50ms
[00:34:55] [Server thread/INFO]: Max Entity Collisions: 8
[00:34:55] [Server thread/INFO]: Custom Map Seeds:  Village: 10387312 Feature: 14357617
[00:34:55] [Server thread/INFO]: Preparing start region for level 4 (Seed: -1725912244701963780)
[00:34:55] [Server thread/INFO]: [dynmap] Loaded 3 maps of world 'Odawth'.
[00:34:56] [Server thread/INFO]: -------- World Settings For [SCBB] --------
[00:34:56] [Server thread/INFO]: Zombie Aggressive Towards Villager: true
[00:34:56] [Server thread/INFO]: Allow Zombie Pigmen to spawn from portal blocks: true
[00:34:56] [Server thread/INFO]: Item Merge Radius: 2.5
[00:34:56] [Server thread/INFO]: Item Despawn Rate: 6000
[00:34:56] [Server thread/INFO]: Arrow Despawn Rate: 1200
[00:34:56] [Server thread/INFO]: View Distance: 10
[00:34:56] [Server thread/INFO]: Experience Merge Radius: 3.0
[00:34:56] [Server thread/INFO]: Nerfing mobs spawned from spawners: false
[00:34:56] [Server thread/INFO]: Mob Spawn Range: 4
[00:34:56] [Server thread/INFO]: Cactus Growth Modifier: 100%
[00:34:56] [Server thread/INFO]: Cane Growth Modifier: 100%
[00:34:56] [Server thread/INFO]: Melon Growth Modifier: 100%
[00:34:56] [Server thread/INFO]: Mushroom Growth Modifier: 100%
[00:34:56] [Server thread/INFO]: Pumpkin Growth Modifier: 100%
[00:34:56] [Server thread/INFO]: Sapling Growth Modifier: 100%
[00:34:56] [Server thread/INFO]: Wheat Growth Modifier: 100%
[00:34:56] [Server thread/INFO]: NetherWart Growth Modifier: 100%
[00:34:56] [Server thread/INFO]: Entity Activation Range: An 32 / Mo 32 / Mi 16
[00:34:56] [Server thread/INFO]: Entity Tracking Range: Pl 48 / An 48 / Mo 48 / Mi 32 / Other 64
[00:34:56] [Server thread/INFO]: Hopper Transfer: 8 Hopper Check: 8 Hopper Amount: 1
[00:34:56] [Server thread/INFO]: Max TNT Explosions: 100
[00:34:56] [Server thread/INFO]: Structure Info Saving: true
[00:34:56] [Server thread/INFO]: Random Lighting Updates: false
[00:34:56] [Server thread/INFO]: Tile Max Tick Time: 50ms Entity max Tick Time: 50ms
[00:34:56] [Server thread/INFO]: Max Entity Collisions: 8
[00:34:56] [Server thread/INFO]: Custom Map Seeds:  Village: 10387312 Feature: 14357617
[00:34:56] [Server thread/INFO]: Preparing start region for level 5 (Seed: -2317396084306833102)
[00:34:57] [Server thread/INFO]: [dynmap] Loaded 3 maps of world 'SCBB'.
[00:34:57] [Server thread/WARN]: [Multiverse-Core] WorldManager: Can't load this world because the folder was deleted/moved: IslandWorld
[00:34:57] [Server thread/WARN]: [Multiverse-Core] Use '/mv remove' to remove it from the config!
[00:34:57] [Server thread/INFO]: -------- World Settings For [Gillamoor] --------
[00:34:57] [Server thread/INFO]: Zombie Aggressive Towards Villager: true
[00:34:57] [Server thread/INFO]: Allow Zombie Pigmen to spawn from portal blocks: true
[00:34:57] [Server thread/INFO]: Item Merge Radius: 2.5
[00:34:57] [Server thread/INFO]: Item Despawn Rate: 6000
[00:34:57] [Server thread/INFO]: Arrow Despawn Rate: 1200
[00:34:57] [Server thread/INFO]: View Distance: 10
[00:34:57] [Server thread/INFO]: Experience Merge Radius: 3.0
[00:34:57] [Server thread/INFO]: Nerfing mobs spawned from spawners: false
[00:34:57] [Server thread/INFO]: Mob Spawn Range: 4
[00:34:57] [Server thread/INFO]: Cactus Growth Modifier: 100%
[00:34:57] [Server thread/INFO]: Cane Growth Modifier: 100%
[00:34:57] [Server thread/INFO]: Melon Growth Modifier: 100%
[00:34:57] [Server thread/INFO]: Mushroom Growth Modifier: 100%
[00:34:57] [Server thread/INFO]: Pumpkin Growth Modifier: 100%
[00:34:57] [Server thread/INFO]: Sapling Growth Modifier: 100%
[00:34:57] [Server thread/INFO]: Wheat Growth Modifier: 100%
[00:34:57] [Server thread/INFO]: NetherWart Growth Modifier: 100%
[00:34:57] [Server thread/INFO]: Entity Activation Range: An 32 / Mo 32 / Mi 16
[00:34:57] [Server thread/INFO]: Entity Tracking Range: Pl 48 / An 48 / Mo 48 / Mi 32 / Other 64
[00:34:57] [Server thread/INFO]: Hopper Transfer: 8 Hopper Check: 8 Hopper Amount: 1
[00:34:57] [Server thread/INFO]: Max TNT Explosions: 100
[00:34:57] [Server thread/INFO]: Structure Info Saving: true
[00:34:57] [Server thread/INFO]: Random Lighting Updates: false
[00:34:57] [Server thread/INFO]: Tile Max Tick Time: 50ms Entity max Tick Time: 50ms
[00:34:57] [Server thread/INFO]: Max Entity Collisions: 8
[00:34:57] [Server thread/INFO]: Custom Map Seeds:  Village: 10387312 Feature: 14357617
[00:34:57] [Server thread/INFO]: Preparing start region for level 6 (Seed: -8879552332167272676)
[00:34:57] [Server thread/INFO]: [dynmap] Loaded 3 maps of world 'Gillamoor'.
[00:34:57] [Server thread/INFO]: [CityWorld] *****************************************************
[00:34:57] [Server thread/INFO]: [CityWorld] ** WARNING, RUNNING ON AN OLD VERSION OF MINECRAFT **
[00:34:57] [Server thread/INFO]: [CityWorld] *****************************************************
[00:34:57] [Server thread/INFO]: [CityWorld] Needs 1.9 or better
[00:34:57] [Server thread/INFO]:  \__Exception: CityWorld
[00:34:57] [Server thread/WARN]: java.lang.Exception: CityWorld
[00:34:57] [Server thread/WARN]: 	at me.daddychurchill.CityWorld.CityWorldGenerator.<init>(CityWorldGenerator.java:135)
[00:34:57] [Server thread/WARN]: 	at me.daddychurchill.CityWorld.CityWorld.getDefaultWorldGenerator(CityWorld.java:22)
[00:34:57] [Server thread/WARN]: 	at org.bukkit.WorldCreator.getGeneratorForName(WorldCreator.java:311)
[00:34:57] [Server thread/WARN]: 	at org.bukkit.WorldCreator.generator(WorldCreator.java:183)
[00:34:57] [Server thread/WARN]: 	at com.onarandombox.MultiverseCore.utils.WorldManager$3.call(WorldManager.java:442)
[00:34:57] [Server thread/WARN]: 	at com.onarandombox.MultiverseCore.utils.UnsafeCallWrapper.wrap(UnsafeCallWrapper.java:32)
[00:34:57] [Server thread/WARN]: 	at com.onarandombox.MultiverseCore.utils.WorldManager.doLoad(WorldManager.java:439)
[00:34:57] [Server thread/WARN]: 	at com.onarandombox.MultiverseCore.utils.WorldManager.doLoad(WorldManager.java:422)
[00:34:57] [Server thread/WARN]: 	at com.onarandombox.MultiverseCore.utils.WorldManager.loadWorlds(WorldManager.java:725)
[00:34:57] [Server thread/WARN]: 	at com.onarandombox.MultiverseCore.MultiverseCore.onEnable(MultiverseCore.java:309)
[00:34:57] [Server thread/WARN]: 	at org.bukkit.plugin.java.JavaPlugin.setEnabled(JavaPlugin.java:292)
[00:34:57] [Server thread/WARN]: 	at org.bukkit.plugin.java.JavaPluginLoader.enablePlugin(JavaPluginLoader.java:340)
[00:34:57] [Server thread/WARN]: 	at org.bukkit.plugin.SimplePluginManager.enablePlugin(SimplePluginManager.java:405)
[00:34:57] [Server thread/WARN]: 	at org.bukkit.craftbukkit.v1_10_R1.CraftServer.loadPlugin(CraftServer.java:362)
[00:34:57] [Server thread/WARN]: 	at org.bukkit.craftbukkit.v1_10_R1.CraftServer.enablePlugins(CraftServer.java:322)
[00:34:57] [Server thread/WARN]: 	at net.minecraft.server.v1_10_R1.MinecraftServer.t(MinecraftServer.java:416)
[00:34:57] [Server thread/WARN]: 	at net.minecraft.server.v1_10_R1.MinecraftServer.l(MinecraftServer.java:381)
[00:34:57] [Server thread/WARN]: 	at net.minecraft.server.v1_10_R1.MinecraftServer.a(MinecraftServer.java:336)
[00:34:57] [Server thread/WARN]: 	at net.minecraft.server.v1_10_R1.DedicatedServer.init(DedicatedServer.java:270)
[00:34:57] [Server thread/WARN]: 	at net.minecraft.server.v1_10_R1.MinecraftServer.run(MinecraftServer.java:539)
[00:34:57] [Server thread/WARN]: 	at java.lang.Thread.run(Unknown Source)
[00:34:57] [Server thread/INFO]: -------- World Settings For [Voxity] --------
[00:34:57] [Server thread/INFO]: Zombie Aggressive Towards Villager: true
[00:34:57] [Server thread/INFO]: Allow Zombie Pigmen to spawn from portal blocks: true
[00:34:57] [Server thread/INFO]: Item Merge Radius: 2.5
[00:34:57] [Server thread/INFO]: Item Despawn Rate: 6000
[00:34:57] [Server thread/INFO]: Arrow Despawn Rate: 1200
[00:34:57] [Server thread/INFO]: View Distance: 10
[00:34:57] [Server thread/INFO]: Experience Merge Radius: 3.0
[00:34:57] [Server thread/INFO]: Nerfing mobs spawned from spawners: false
[00:34:57] [Server thread/INFO]: Mob Spawn Range: 4
[00:34:57] [Server thread/INFO]: Cactus Growth Modifier: 100%
[00:34:57] [Server thread/INFO]: Cane Growth Modifier: 100%
[00:34:57] [Server thread/INFO]: Melon Growth Modifier: 100%
[00:34:57] [Server thread/INFO]: Mushroom Growth Modifier: 100%
[00:34:57] [Server thread/INFO]: Pumpkin Growth Modifier: 100%
[00:34:57] [Server thread/INFO]: Sapling Growth Modifier: 100%
[00:34:57] [Server thread/INFO]: Wheat Growth Modifier: 100%
[00:34:57] [Server thread/INFO]: NetherWart Growth Modifier: 100%
[00:34:57] [Server thread/INFO]: Entity Activation Range: An 32 / Mo 32 / Mi 16
[00:34:57] [Server thread/INFO]: Entity Tracking Range: Pl 48 / An 48 / Mo 48 / Mi 32 / Other 64
[00:34:57] [Server thread/INFO]: Hopper Transfer: 8 Hopper Check: 8 Hopper Amount: 1
[00:34:57] [Server thread/INFO]: Max TNT Explosions: 100
[00:34:57] [Server thread/INFO]: Structure Info Saving: true
[00:34:57] [Server thread/INFO]: Random Lighting Updates: false
[00:34:57] [Server thread/INFO]: Tile Max Tick Time: 50ms Entity max Tick Time: 50ms
[00:34:57] [Server thread/INFO]: Max Entity Collisions: 8
[00:34:57] [Server thread/INFO]: Custom Map Seeds:  Village: 10387312 Feature: 14357617
[00:34:57] [Server thread/INFO]: Preparing start region for level 7 (Seed: -6496417696552006208)
[00:34:58] [Server thread/INFO]: Preparing spawn area for Voxity, 61%
