[00:10:00] [Craft Scheduler Thread - 10040/WARN]: javax.net.ssl.SSLHandshakeException: sun.security.validator.ValidatorException: PKIX path validation failed: java.security.cert.CertPathValidatorException: validity check failed
[00:10:00] [Craft Scheduler Thread - 10040/WARN]: 	at sun.security.ssl.Alerts.getSSLException(Alerts.java:192)
[00:10:00] [Craft Scheduler Thread - 10040/WARN]: 	at sun.security.ssl.SSLSocketImpl.fatal(SSLSocketImpl.java:1946)
[00:10:00] [Craft Scheduler Thread - 10040/WARN]: 	at sun.security.ssl.Handshaker.fatalSE(Handshaker.java:316)
[00:10:00] [Craft Scheduler Thread - 10040/WARN]: 	at sun.security.ssl.Handshaker.fatalSE(Handshaker.java:310)
[00:10:00] [Craft Scheduler Thread - 10040/WARN]: 	at sun.security.ssl.ClientHandshaker.serverCertificate(ClientHandshaker.java:1639)
[00:10:00] [Craft Scheduler Thread - 10040/WARN]: 	at sun.security.ssl.ClientHandshaker.processMessage(ClientHandshaker.java:223)
[00:10:00] [Craft Scheduler Thread - 10040/WARN]: 	at sun.security.ssl.Handshaker.processLoop(Handshaker.java:1037)
[00:10:00] [Craft Scheduler Thread - 10040/WARN]: 	at sun.security.ssl.Handshaker.process_record(Handshaker.java:965)
[00:10:00] [Craft Scheduler Thread - 10040/WARN]: 	at sun.security.ssl.SSLSocketImpl.readRecord(SSLSocketImpl.java:1064)
[00:10:00] [Craft Scheduler Thread - 10040/WARN]: 	at sun.security.ssl.SSLSocketImpl.performInitialHandshake(SSLSocketImpl.java:1367)
[00:10:00] [Craft Scheduler Thread - 10040/WARN]: 	at sun.security.ssl.SSLSocketImpl.startHandshake(SSLSocketImpl.java:1395)
[00:10:00] [Craft Scheduler Thread - 10040/WARN]: 	at sun.security.ssl.SSLSocketImpl.startHandshake(SSLSocketImpl.java:1379)
[00:10:00] [Craft Scheduler Thread - 10040/WARN]: 	at sun.net.www.protocol.https.HttpsClient.afterConnect(HttpsClient.java:559)
[00:10:00] [Craft Scheduler Thread - 10040/WARN]: 	at sun.net.www.protocol.https.AbstractDelegateHttpsURLConnection.connect(AbstractDelegateHttpsURLConnection.java:185)
[00:10:00] [Craft Scheduler Thread - 10040/WARN]: 	at sun.net.www.protocol.http.HttpURLConnection.getInputStream0(HttpURLConnection.java:1570)
[00:10:00] [Craft Scheduler Thread - 10040/WARN]: 	at sun.net.www.protocol.http.HttpURLConnection.getInputStream(HttpURLConnection.java:1498)
[00:10:00] [Craft Scheduler Thread - 10040/WARN]: 	at sun.net.www.protocol.https.HttpsURLConnectionImpl.getInputStream(HttpsURLConnectionImpl.java:268)
[00:10:00] [Craft Scheduler Thread - 10040/WARN]: 	at java.net.URL.openStream(URL.java:1068)
[00:10:00] [Craft Scheduler Thread - 10040/WARN]: 	at fr.klemms.slotmachine.apache.org.apache.commons.io.IOUtils.toString(IOUtils.java:1198)
[00:10:00] [Craft Scheduler Thread - 10040/WARN]: 	at fr.klemms.slotmachine.KlemmsUpdate$1.run(KlemmsUpdate.java:75)
[00:10:00] [Craft Scheduler Thread - 10040/WARN]: 	at org.bukkit.craftbukkit.v1_15_R1.scheduler.CraftTask.run(CraftTask.java:84)
[00:10:00] [Craft Scheduler Thread - 10040/WARN]: 	at org.bukkit.craftbukkit.v1_15_R1.scheduler.CraftAsyncTask.run(CraftAsyncTask.java:54)
[00:10:00] [Craft Scheduler Thread - 10040/WARN]: 	at com.destroystokyo.paper.ServerSchedulerReportingWrapper.run(ServerSchedulerReportingWrapper.java:22)
[00:10:00] [Craft Scheduler Thread - 10040/WARN]: 	at java.util.concurrent.ThreadPoolExecutor.runWorker(ThreadPoolExecutor.java:1149)
[00:10:00] [Craft Scheduler Thread - 10040/WARN]: 	at java.util.concurrent.ThreadPoolExecutor$Worker.run(ThreadPoolExecutor.java:624)
[00:10:00] [Craft Scheduler Thread - 10040/WARN]: 	at java.lang.Thread.run(Thread.java:748)
[00:10:00] [Craft Scheduler Thread - 10040/WARN]: Caused by: sun.security.validator.ValidatorException: PKIX path validation failed: java.security.cert.CertPathValidatorException: validity check failed
[00:10:00] [Craft Scheduler Thread - 10040/WARN]: 	at sun.security.validator.PKIXValidator.doValidate(PKIXValidator.java:380)
[00:10:00] [Craft Scheduler Thread - 10040/WARN]: 	at sun.security.validator.PKIXValidator.engineValidate(PKIXValidator.java:285)
[00:10:00] [Craft Scheduler Thread - 10040/WARN]: 	at sun.security.validator.Validator.validate(Validator.java:262)
[00:10:00] [Craft Scheduler Thread - 10040/WARN]: 	at sun.security.ssl.X509TrustManagerImpl.validate(X509TrustManagerImpl.java:330)
[00:10:00] [Craft Scheduler Thread - 10040/WARN]: 	at sun.security.ssl.X509TrustManagerImpl.checkTrusted(X509TrustManagerImpl.java:237)
[00:10:00] [Craft Scheduler Thread - 10040/WARN]: 	at sun.security.ssl.X509TrustManagerImpl.checkServerTrusted(X509TrustManagerImpl.java:132)
[00:10:00] [Craft Scheduler Thread - 10040/WARN]: 	at sun.security.ssl.ClientHandshaker.serverCertificate(ClientHandshaker.java:1621)
[00:10:00] [Craft Scheduler Thread - 10040/WARN]: 	... 21 more
[00:10:00] [Craft Scheduler Thread - 10040/WARN]: Caused by: java.security.cert.CertPathValidatorException: validity check failed
[00:10:00] [Craft Scheduler Thread - 10040/WARN]: 	at sun.security.provider.certpath.PKIXMasterCertPathValidator.validate(PKIXMasterCertPathValidator.java:135)
[00:10:00] [Craft Scheduler Thread - 10040/WARN]: 	at sun.security.provider.certpath.PKIXCertPathValidator.validate(PKIXCertPathValidator.java:233)
[00:10:00] [Craft Scheduler Thread - 10040/WARN]: 	at sun.security.provider.certpath.PKIXCertPathValidator.validate(PKIXCertPathValidator.java:141)
[00:10:00] [Craft Scheduler Thread - 10040/WARN]: 	at sun.security.provider.certpath.PKIXCertPathValidator.engineValidate(PKIXCertPathValidator.java:80)
[00:10:00] [Craft Scheduler Thread - 10040/WARN]: 	at java.security.cert.CertPathValidator.validate(CertPathValidator.java:292)
[00:10:00] [Craft Scheduler Thread - 10040/WARN]: 	at sun.security.validator.PKIXValidator.doValidate(PKIXValidator.java:375)
[00:10:00] [Craft Scheduler Thread - 10040/WARN]: 	... 27 more
[00:10:00] [Craft Scheduler Thread - 10040/WARN]: Caused by: java.security.cert.CertificateExpiredException: NotAfter: Fri Apr 24 11:32:08 UTC 2020
[00:10:00] [Craft Scheduler Thread - 10040/WARN]: 	at sun.security.x509.CertificateValidity.valid(CertificateValidity.java:274)
[00:10:00] [Craft Scheduler Thread - 10040/WARN]: 	at sun.security.x509.X509CertImpl.checkValidity(X509CertImpl.java:629)
[00:10:00] [Craft Scheduler Thread - 10040/WARN]: 	at sun.security.provider.certpath.BasicChecker.verifyValidity(BasicChecker.java:190)
[00:10:00] [Craft Scheduler Thread - 10040/WARN]: 	at sun.security.provider.certpath.BasicChecker.check(BasicChecker.java:144)
[00:10:00] [Craft Scheduler Thread - 10040/WARN]: 	at sun.security.provider.certpath.PKIXMasterCertPathValidator.validate(PKIXMasterCertPathValidator.java:125)
[00:10:00] [Craft Scheduler Thread - 10040/WARN]: 	... 32 more
[00:40:00] [Craft Scheduler Thread - 10003/WARN]: javax.net.ssl.SSLHandshakeException: sun.security.validator.ValidatorException: PKIX path validation failed: java.security.cert.CertPathValidatorException: validity check failed
[00:40:00] [Craft Scheduler Thread - 10003/WARN]: 	at sun.security.ssl.Alerts.getSSLException(Alerts.java:192)
[00:40:00] [Craft Scheduler Thread - 10003/WARN]: 	at sun.security.ssl.SSLSocketImpl.fatal(SSLSocketImpl.java:1946)
[00:40:00] [Craft Scheduler Thread - 10003/WARN]: 	at sun.security.ssl.Handshaker.fatalSE(Handshaker.java:316)
[00:40:00] [Craft Scheduler Thread - 10003/WARN]: 	at sun.security.ssl.Handshaker.fatalSE(Handshaker.java:310)
[00:40:00] [Craft Scheduler Thread - 10003/WARN]: 	at sun.security.ssl.ClientHandshaker.serverCertificate(ClientHandshaker.java:1639)
[00:40:00] [Craft Scheduler Thread - 10003/WARN]: 	at sun.security.ssl.ClientHandshaker.processMessage(ClientHandshaker.java:223)
[00:40:00] [Craft Scheduler Thread - 10003/WARN]: 	at sun.security.ssl.Handshaker.processLoop(Handshaker.java:1037)
[00:40:00] [Craft Scheduler Thread - 10003/WARN]: 	at sun.security.ssl.Handshaker.process_record(Handshaker.java:965)
[00:40:00] [Craft Scheduler Thread - 10003/WARN]: 	at sun.security.ssl.SSLSocketImpl.readRecord(SSLSocketImpl.java:1064)
[00:40:00] [Craft Scheduler Thread - 10003/WARN]: 	at sun.security.ssl.SSLSocketImpl.performInitialHandshake(SSLSocketImpl.java:1367)
[00:40:00] [Craft Scheduler Thread - 10003/WARN]: 	at sun.security.ssl.SSLSocketImpl.startHandshake(SSLSocketImpl.java:1395)
[00:40:00] [Craft Scheduler Thread - 10003/WARN]: 	at sun.security.ssl.SSLSocketImpl.startHandshake(SSLSocketImpl.java:1379)
[00:40:00] [Craft Scheduler Thread - 10003/WARN]: 	at sun.net.www.protocol.https.HttpsClient.afterConnect(HttpsClient.java:559)
[00:40:00] [Craft Scheduler Thread - 10003/WARN]: 	at sun.net.www.protocol.https.AbstractDelegateHttpsURLConnection.connect(AbstractDelegateHttpsURLConnection.java:185)
[00:40:00] [Craft Scheduler Thread - 10003/WARN]: 	at sun.net.www.protocol.http.HttpURLConnection.getInputStream0(HttpURLConnection.java:1570)
[00:40:00] [Craft Scheduler Thread - 10003/WARN]: 	at sun.net.www.protocol.http.HttpURLConnection.getInputStream(HttpURLConnection.java:1498)
[00:40:00] [Craft Scheduler Thread - 10003/WARN]: 	at sun.net.www.protocol.https.HttpsURLConnectionImpl.getInputStream(HttpsURLConnectionImpl.java:268)
[00:40:00] [Craft Scheduler Thread - 10003/WARN]: 	at java.net.URL.openStream(URL.java:1068)
[00:40:00] [Craft Scheduler Thread - 10003/WARN]: 	at fr.klemms.slotmachine.apache.org.apache.commons.io.IOUtils.toString(IOUtils.java:1198)
[00:40:00] [Craft Scheduler Thread - 10003/WARN]: 	at fr.klemms.slotmachine.KlemmsUpdate$1.run(KlemmsUpdate.java:75)
[00:40:00] [Craft Scheduler Thread - 10003/WARN]: 	at org.bukkit.craftbukkit.v1_15_R1.scheduler.CraftTask.run(CraftTask.java:84)
[00:40:00] [Craft Scheduler Thread - 10003/WARN]: 	at org.bukkit.craftbukkit.v1_15_R1.scheduler.CraftAsyncTask.run(CraftAsyncTask.java:54)
[00:40:00] [Craft Scheduler Thread - 10003/WARN]: 	at com.destroystokyo.paper.ServerSchedulerReportingWrapper.run(ServerSchedulerReportingWrapper.java:22)
[00:40:00] [Craft Scheduler Thread - 10003/WARN]: 	at java.util.concurrent.ThreadPoolExecutor.runWorker(ThreadPoolExecutor.java:1149)
[00:40:00] [Craft Scheduler Thread - 10003/WARN]: 	at java.util.concurrent.ThreadPoolExecutor$Worker.run(ThreadPoolExecutor.java:624)
[00:40:00] [Craft Scheduler Thread - 10003/WARN]: 	at java.lang.Thread.run(Thread.java:748)
[00:40:00] [Craft Scheduler Thread - 10003/WARN]: Caused by: sun.security.validator.ValidatorException: PKIX path validation failed: java.security.cert.CertPathValidatorException: validity check failed
[00:40:00] [Craft Scheduler Thread - 10003/WARN]: 	at sun.security.validator.PKIXValidator.doValidate(PKIXValidator.java:380)
[00:40:00] [Craft Scheduler Thread - 10003/WARN]: 	at sun.security.validator.PKIXValidator.engineValidate(PKIXValidator.java:285)
[00:40:00] [Craft Scheduler Thread - 10003/WARN]: 	at sun.security.validator.Validator.validate(Validator.java:262)
[00:40:00] [Craft Scheduler Thread - 10003/WARN]: 	at sun.security.ssl.X509TrustManagerImpl.validate(X509TrustManagerImpl.java:330)
[00:40:00] [Craft Scheduler Thread - 10003/WARN]: 	at sun.security.ssl.X509TrustManagerImpl.checkTrusted(X509TrustManagerImpl.java:237)
[00:40:00] [Craft Scheduler Thread - 10003/WARN]: 	at sun.security.ssl.X509TrustManagerImpl.checkServerTrusted(X509TrustManagerImpl.java:132)
[00:40:00] [Craft Scheduler Thread - 10003/WARN]: 	at sun.security.ssl.ClientHandshaker.serverCertificate(ClientHandshaker.java:1621)
[00:40:00] [Craft Scheduler Thread - 10003/WARN]: 	... 21 more
[00:40:00] [Craft Scheduler Thread - 10003/WARN]: Caused by: java.security.cert.CertPathValidatorException: validity check failed
[00:40:00] [Craft Scheduler Thread - 10003/WARN]: 	at sun.security.provider.certpath.PKIXMasterCertPathValidator.validate(PKIXMasterCertPathValidator.java:135)
[00:40:00] [Craft Scheduler Thread - 10003/WARN]: 	at sun.security.provider.certpath.PKIXCertPathValidator.validate(PKIXCertPathValidator.java:233)
[00:40:00] [Craft Scheduler Thread - 10003/WARN]: 	at sun.security.provider.certpath.PKIXCertPathValidator.validate(PKIXCertPathValidator.java:141)
[00:40:00] [Craft Scheduler Thread - 10003/WARN]: 	at sun.security.provider.certpath.PKIXCertPathValidator.engineValidate(PKIXCertPathValidator.java:80)
[00:40:00] [Craft Scheduler Thread - 10003/WARN]: 	at java.security.cert.CertPathValidator.validate(CertPathValidator.java:292)
[00:40:00] [Craft Scheduler Thread - 10003/WARN]: 	at sun.security.validator.PKIXValidator.doValidate(PKIXValidator.java:375)
[00:40:00] [Craft Scheduler Thread - 10003/WARN]: 	... 27 more
[00:40:00] [Craft Scheduler Thread - 10003/WARN]: Caused by: java.security.cert.CertificateExpiredException: NotAfter: Fri Apr 24 11:32:08 UTC 2020
[00:40:00] [Craft Scheduler Thread - 10003/WARN]: 	at sun.security.x509.CertificateValidity.valid(CertificateValidity.java:274)
[00:40:00] [Craft Scheduler Thread - 10003/WARN]: 	at sun.security.x509.X509CertImpl.checkValidity(X509CertImpl.java:629)
[00:40:00] [Craft Scheduler Thread - 10003/WARN]: 	at sun.security.provider.certpath.BasicChecker.verifyValidity(BasicChecker.java:190)
[00:40:00] [Craft Scheduler Thread - 10003/WARN]: 	at sun.security.provider.certpath.BasicChecker.check(BasicChecker.java:144)
[00:40:00] [Craft Scheduler Thread - 10003/WARN]: 	at sun.security.provider.certpath.PKIXMasterCertPathValidator.validate(PKIXMasterCertPathValidator.java:125)
[00:40:00] [Craft Scheduler Thread - 10003/WARN]: 	... 32 more
[00:54:54] [User Authenticator #3/INFO]: UUID of player Markd315 is acbcd8c3-4612-394c-9332-643f3c0c2b47
[00:54:55] [Server thread/INFO]: Markd315[/73.171.227.64:60371] logged in with entity id 17545 at ([Sonora]361.1622917587908, 69.0, 70.05323612419195)
[00:54:59] [Server thread/INFO]: Markd315 issued server command: /login mwd314
[00:55:01] [Server thread/INFO]: Markd315 issued server command: /login mwd314
[00:55:03] [Server thread/INFO]: Markd315 issued server command: /login mwd315
[01:10:00] [Craft Scheduler Thread - 10142/WARN]: javax.net.ssl.SSLHandshakeException: sun.security.validator.ValidatorException: PKIX path validation failed: java.security.cert.CertPathValidatorException: validity check failed
[01:10:00] [Craft Scheduler Thread - 10142/WARN]: 	at sun.security.ssl.Alerts.getSSLException(Alerts.java:192)
[01:10:00] [Craft Scheduler Thread - 10142/WARN]: 	at sun.security.ssl.SSLSocketImpl.fatal(SSLSocketImpl.java:1946)
[01:10:00] [Craft Scheduler Thread - 10142/WARN]: 	at sun.security.ssl.Handshaker.fatalSE(Handshaker.java:316)
[01:10:00] [Craft Scheduler Thread - 10142/WARN]: 	at sun.security.ssl.Handshaker.fatalSE(Handshaker.java:310)
[01:10:00] [Craft Scheduler Thread - 10142/WARN]: 	at sun.security.ssl.ClientHandshaker.serverCertificate(ClientHandshaker.java:1639)
[01:10:00] [Craft Scheduler Thread - 10142/WARN]: 	at sun.security.ssl.ClientHandshaker.processMessage(ClientHandshaker.java:223)
[01:10:00] [Craft Scheduler Thread - 10142/WARN]: 	at sun.security.ssl.Handshaker.processLoop(Handshaker.java:1037)
[01:10:00] [Craft Scheduler Thread - 10142/WARN]: 	at sun.security.ssl.Handshaker.process_record(Handshaker.java:965)
[01:10:00] [Craft Scheduler Thread - 10142/WARN]: 	at sun.security.ssl.SSLSocketImpl.readRecord(SSLSocketImpl.java:1064)
[01:10:00] [Craft Scheduler Thread - 10142/WARN]: 	at sun.security.ssl.SSLSocketImpl.performInitialHandshake(SSLSocketImpl.java:1367)
[01:10:00] [Craft Scheduler Thread - 10142/WARN]: 	at sun.security.ssl.SSLSocketImpl.startHandshake(SSLSocketImpl.java:1395)
[01:10:00] [Craft Scheduler Thread - 10142/WARN]: 	at sun.security.ssl.SSLSocketImpl.startHandshake(SSLSocketImpl.java:1379)
[01:10:00] [Craft Scheduler Thread - 10142/WARN]: 	at sun.net.www.protocol.https.HttpsClient.afterConnect(HttpsClient.java:559)
[01:10:00] [Craft Scheduler Thread - 10142/WARN]: 	at sun.net.www.protocol.https.AbstractDelegateHttpsURLConnection.connect(AbstractDelegateHttpsURLConnection.java:185)
[01:10:00] [Craft Scheduler Thread - 10142/WARN]: 	at sun.net.www.protocol.http.HttpURLConnection.getInputStream0(HttpURLConnection.java:1570)
[01:10:00] [Craft Scheduler Thread - 10142/WARN]: 	at sun.net.www.protocol.http.HttpURLConnection.getInputStream(HttpURLConnection.java:1498)
[01:10:00] [Craft Scheduler Thread - 10142/WARN]: 	at sun.net.www.protocol.https.HttpsURLConnectionImpl.getInputStream(HttpsURLConnectionImpl.java:268)
[01:10:00] [Craft Scheduler Thread - 10142/WARN]: 	at java.net.URL.openStream(URL.java:1068)
[01:10:00] [Craft Scheduler Thread - 10142/WARN]: 	at fr.klemms.slotmachine.apache.org.apache.commons.io.IOUtils.toString(IOUtils.java:1198)
[01:10:00] [Craft Scheduler Thread - 10142/WARN]: 	at fr.klemms.slotmachine.KlemmsUpdate$1.run(KlemmsUpdate.java:75)
[01:10:00] [Craft Scheduler Thread - 10142/WARN]: 	at org.bukkit.craftbukkit.v1_15_R1.scheduler.CraftTask.run(CraftTask.java:84)
[01:10:00] [Craft Scheduler Thread - 10142/WARN]: 	at org.bukkit.craftbukkit.v1_15_R1.scheduler.CraftAsyncTask.run(CraftAsyncTask.java:54)
[01:10:00] [Craft Scheduler Thread - 10142/WARN]: 	at com.destroystokyo.paper.ServerSchedulerReportingWrapper.run(ServerSchedulerReportingWrapper.java:22)
[01:10:00] [Craft Scheduler Thread - 10142/WARN]: 	at java.util.concurrent.ThreadPoolExecutor.runWorker(ThreadPoolExecutor.java:1149)
[01:10:00] [Craft Scheduler Thread - 10142/WARN]: 	at java.util.concurrent.ThreadPoolExecutor$Worker.run(ThreadPoolExecutor.java:624)
[01:10:00] [Craft Scheduler Thread - 10142/WARN]: 	at java.lang.Thread.run(Thread.java:748)
[01:10:00] [Craft Scheduler Thread - 10142/WARN]: Caused by: sun.security.validator.ValidatorException: PKIX path validation failed: java.security.cert.CertPathValidatorException: validity check failed
[01:10:00] [Craft Scheduler Thread - 10142/WARN]: 	at sun.security.validator.PKIXValidator.doValidate(PKIXValidator.java:380)
[01:10:00] [Craft Scheduler Thread - 10142/WARN]: 	at sun.security.validator.PKIXValidator.engineValidate(PKIXValidator.java:285)
[01:10:00] [Craft Scheduler Thread - 10142/WARN]: 	at sun.security.validator.Validator.validate(Validator.java:262)
[01:10:00] [Craft Scheduler Thread - 10142/WARN]: 	at sun.security.ssl.X509TrustManagerImpl.validate(X509TrustManagerImpl.java:330)
[01:10:00] [Craft Scheduler Thread - 10142/WARN]: 	at sun.security.ssl.X509TrustManagerImpl.checkTrusted(X509TrustManagerImpl.java:237)
[01:10:00] [Craft Scheduler Thread - 10142/WARN]: 	at sun.security.ssl.X509TrustManagerImpl.checkServerTrusted(X509TrustManagerImpl.java:132)
[01:10:00] [Craft Scheduler Thread - 10142/WARN]: 	at sun.security.ssl.ClientHandshaker.serverCertificate(ClientHandshaker.java:1621)
[01:10:00] [Craft Scheduler Thread - 10142/WARN]: 	... 21 more
[01:10:00] [Craft Scheduler Thread - 10142/WARN]: Caused by: java.security.cert.CertPathValidatorException: validity check failed
[01:10:00] [Craft Scheduler Thread - 10142/WARN]: 	at sun.security.provider.certpath.PKIXMasterCertPathValidator.validate(PKIXMasterCertPathValidator.java:135)
[01:10:00] [Craft Scheduler Thread - 10142/WARN]: 	at sun.security.provider.certpath.PKIXCertPathValidator.validate(PKIXCertPathValidator.java:233)
[01:10:00] [Craft Scheduler Thread - 10142/WARN]: 	at sun.security.provider.certpath.PKIXCertPathValidator.validate(PKIXCertPathValidator.java:141)
[01:10:00] [Craft Scheduler Thread - 10142/WARN]: 	at sun.security.provider.certpath.PKIXCertPathValidator.engineValidate(PKIXCertPathValidator.java:80)
[01:10:00] [Craft Scheduler Thread - 10142/WARN]: 	at java.security.cert.CertPathValidator.validate(CertPathValidator.java:292)
[01:10:00] [Craft Scheduler Thread - 10142/WARN]: 	at sun.security.validator.PKIXValidator.doValidate(PKIXValidator.java:375)
[01:10:00] [Craft Scheduler Thread - 10142/WARN]: 	... 27 more
[01:10:00] [Craft Scheduler Thread - 10142/WARN]: Caused by: java.security.cert.CertificateExpiredException: NotAfter: Fri Apr 24 11:32:08 UTC 2020
[01:10:00] [Craft Scheduler Thread - 10142/WARN]: 	at sun.security.x509.CertificateValidity.valid(CertificateValidity.java:274)
[01:10:00] [Craft Scheduler Thread - 10142/WARN]: 	at sun.security.x509.X509CertImpl.checkValidity(X509CertImpl.java:629)
[01:10:00] [Craft Scheduler Thread - 10142/WARN]: 	at sun.security.provider.certpath.BasicChecker.verifyValidity(BasicChecker.java:190)
[01:10:00] [Craft Scheduler Thread - 10142/WARN]: 	at sun.security.provider.certpath.BasicChecker.check(BasicChecker.java:144)
[01:10:00] [Craft Scheduler Thread - 10142/WARN]: 	at sun.security.provider.certpath.PKIXMasterCertPathValidator.validate(PKIXMasterCertPathValidator.java:125)
[01:10:00] [Craft Scheduler Thread - 10142/WARN]: 	... 32 more
[01:40:00] [Craft Scheduler Thread - 10172/WARN]: javax.net.ssl.SSLHandshakeException: sun.security.validator.ValidatorException: PKIX path validation failed: java.security.cert.CertPathValidatorException: validity check failed
[01:40:00] [Craft Scheduler Thread - 10172/WARN]: 	at sun.security.ssl.Alerts.getSSLException(Alerts.java:192)
[01:40:00] [Craft Scheduler Thread - 10172/WARN]: 	at sun.security.ssl.SSLSocketImpl.fatal(SSLSocketImpl.java:1946)
[01:40:00] [Craft Scheduler Thread - 10172/WARN]: 	at sun.security.ssl.Handshaker.fatalSE(Handshaker.java:316)
[01:40:00] [Craft Scheduler Thread - 10172/WARN]: 	at sun.security.ssl.Handshaker.fatalSE(Handshaker.java:310)
[01:40:00] [Craft Scheduler Thread - 10172/WARN]: 	at sun.security.ssl.ClientHandshaker.serverCertificate(ClientHandshaker.java:1639)
[01:40:00] [Craft Scheduler Thread - 10172/WARN]: 	at sun.security.ssl.ClientHandshaker.processMessage(ClientHandshaker.java:223)
[01:40:00] [Craft Scheduler Thread - 10172/WARN]: 	at sun.security.ssl.Handshaker.processLoop(Handshaker.java:1037)
[01:40:00] [Craft Scheduler Thread - 10172/WARN]: 	at sun.security.ssl.Handshaker.process_record(Handshaker.java:965)
[01:40:00] [Craft Scheduler Thread - 10172/WARN]: 	at sun.security.ssl.SSLSocketImpl.readRecord(SSLSocketImpl.java:1064)
[01:40:00] [Craft Scheduler Thread - 10172/WARN]: 	at sun.security.ssl.SSLSocketImpl.performInitialHandshake(SSLSocketImpl.java:1367)
[01:40:00] [Craft Scheduler Thread - 10172/WARN]: 	at sun.security.ssl.SSLSocketImpl.startHandshake(SSLSocketImpl.java:1395)
[01:40:00] [Craft Scheduler Thread - 10172/WARN]: 	at sun.security.ssl.SSLSocketImpl.startHandshake(SSLSocketImpl.java:1379)
[01:40:00] [Craft Scheduler Thread - 10172/WARN]: 	at sun.net.www.protocol.https.HttpsClient.afterConnect(HttpsClient.java:559)
[01:40:00] [Craft Scheduler Thread - 10172/WARN]: 	at sun.net.www.protocol.https.AbstractDelegateHttpsURLConnection.connect(AbstractDelegateHttpsURLConnection.java:185)
[01:40:00] [Craft Scheduler Thread - 10172/WARN]: 	at sun.net.www.protocol.http.HttpURLConnection.getInputStream0(HttpURLConnection.java:1570)
[01:40:00] [Craft Scheduler Thread - 10172/WARN]: 	at sun.net.www.protocol.http.HttpURLConnection.getInputStream(HttpURLConnection.java:1498)
[01:40:00] [Craft Scheduler Thread - 10172/WARN]: 	at sun.net.www.protocol.https.HttpsURLConnectionImpl.getInputStream(HttpsURLConnectionImpl.java:268)
[01:40:00] [Craft Scheduler Thread - 10172/WARN]: 	at java.net.URL.openStream(URL.java:1068)
[01:40:00] [Craft Scheduler Thread - 10172/WARN]: 	at fr.klemms.slotmachine.apache.org.apache.commons.io.IOUtils.toString(IOUtils.java:1198)
[01:40:00] [Craft Scheduler Thread - 10172/WARN]: 	at fr.klemms.slotmachine.KlemmsUpdate$1.run(KlemmsUpdate.java:75)
[01:40:00] [Craft Scheduler Thread - 10172/WARN]: 	at org.bukkit.craftbukkit.v1_15_R1.scheduler.CraftTask.run(CraftTask.java:84)
[01:40:00] [Craft Scheduler Thread - 10172/WARN]: 	at org.bukkit.craftbukkit.v1_15_R1.scheduler.CraftAsyncTask.run(CraftAsyncTask.java:54)
[01:40:00] [Craft Scheduler Thread - 10172/WARN]: 	at com.destroystokyo.paper.ServerSchedulerReportingWrapper.run(ServerSchedulerReportingWrapper.java:22)
[01:40:00] [Craft Scheduler Thread - 10172/WARN]: 	at java.util.concurrent.ThreadPoolExecutor.runWorker(ThreadPoolExecutor.java:1149)
[01:40:00] [Craft Scheduler Thread - 10172/WARN]: 	at java.util.concurrent.ThreadPoolExecutor$Worker.run(ThreadPoolExecutor.java:624)
[01:40:00] [Craft Scheduler Thread - 10172/WARN]: 	at java.lang.Thread.run(Thread.java:748)
[01:40:00] [Craft Scheduler Thread - 10172/WARN]: Caused by: sun.security.validator.ValidatorException: PKIX path validation failed: java.security.cert.CertPathValidatorException: validity check failed
[01:40:00] [Craft Scheduler Thread - 10172/WARN]: 	at sun.security.validator.PKIXValidator.doValidate(PKIXValidator.java:380)
[01:40:00] [Craft Scheduler Thread - 10172/WARN]: 	at sun.security.validator.PKIXValidator.engineValidate(PKIXValidator.java:285)
[01:40:00] [Craft Scheduler Thread - 10172/WARN]: 	at sun.security.validator.Validator.validate(Validator.java:262)
[01:40:00] [Craft Scheduler Thread - 10172/WARN]: 	at sun.security.ssl.X509TrustManagerImpl.validate(X509TrustManagerImpl.java:330)
[01:40:00] [Craft Scheduler Thread - 10172/WARN]: 	at sun.security.ssl.X509TrustManagerImpl.checkTrusted(X509TrustManagerImpl.java:237)
[01:40:00] [Craft Scheduler Thread - 10172/WARN]: 	at sun.security.ssl.X509TrustManagerImpl.checkServerTrusted(X509TrustManagerImpl.java:132)
[01:40:00] [Craft Scheduler Thread - 10172/WARN]: 	at sun.security.ssl.ClientHandshaker.serverCertificate(ClientHandshaker.java:1621)
[01:40:00] [Craft Scheduler Thread - 10172/WARN]: 	... 21 more
[01:40:00] [Craft Scheduler Thread - 10172/WARN]: Caused by: java.security.cert.CertPathValidatorException: validity check failed
[01:40:00] [Craft Scheduler Thread - 10172/WARN]: 	at sun.security.provider.certpath.PKIXMasterCertPathValidator.validate(PKIXMasterCertPathValidator.java:135)
[01:40:00] [Craft Scheduler Thread - 10172/WARN]: 	at sun.security.provider.certpath.PKIXCertPathValidator.validate(PKIXCertPathValidator.java:233)
[01:40:00] [Craft Scheduler Thread - 10172/WARN]: 	at sun.security.provider.certpath.PKIXCertPathValidator.validate(PKIXCertPathValidator.java:141)
[01:40:00] [Craft Scheduler Thread - 10172/WARN]: 	at sun.security.provider.certpath.PKIXCertPathValidator.engineValidate(PKIXCertPathValidator.java:80)
[01:40:00] [Craft Scheduler Thread - 10172/WARN]: 	at java.security.cert.CertPathValidator.validate(CertPathValidator.java:292)
[01:40:00] [Craft Scheduler Thread - 10172/WARN]: 	at sun.security.validator.PKIXValidator.doValidate(PKIXValidator.java:375)
[01:40:00] [Craft Scheduler Thread - 10172/WARN]: 	... 27 more
[01:40:00] [Craft Scheduler Thread - 10172/WARN]: Caused by: java.security.cert.CertificateExpiredException: NotAfter: Fri Apr 24 11:32:08 UTC 2020
[01:40:00] [Craft Scheduler Thread - 10172/WARN]: 	at sun.security.x509.CertificateValidity.valid(CertificateValidity.java:274)
[01:40:00] [Craft Scheduler Thread - 10172/WARN]: 	at sun.security.x509.X509CertImpl.checkValidity(X509CertImpl.java:629)
[01:40:00] [Craft Scheduler Thread - 10172/WARN]: 	at sun.security.provider.certpath.BasicChecker.verifyValidity(BasicChecker.java:190)
[01:40:00] [Craft Scheduler Thread - 10172/WARN]: 	at sun.security.provider.certpath.BasicChecker.check(BasicChecker.java:144)
[01:40:00] [Craft Scheduler Thread - 10172/WARN]: 	at sun.security.provider.certpath.PKIXMasterCertPathValidator.validate(PKIXMasterCertPathValidator.java:125)
[01:40:00] [Craft Scheduler Thread - 10172/WARN]: 	... 32 more
[02:10:00] [Craft Scheduler Thread - 10226/WARN]: javax.net.ssl.SSLHandshakeException: sun.security.validator.ValidatorException: PKIX path validation failed: java.security.cert.CertPathValidatorException: validity check failed
[02:10:00] [Craft Scheduler Thread - 10226/WARN]: 	at sun.security.ssl.Alerts.getSSLException(Alerts.java:192)
[02:10:00] [Craft Scheduler Thread - 10226/WARN]: 	at sun.security.ssl.SSLSocketImpl.fatal(SSLSocketImpl.java:1946)
[02:10:00] [Craft Scheduler Thread - 10226/WARN]: 	at sun.security.ssl.Handshaker.fatalSE(Handshaker.java:316)
[02:10:00] [Craft Scheduler Thread - 10226/WARN]: 	at sun.security.ssl.Handshaker.fatalSE(Handshaker.java:310)
[02:10:00] [Craft Scheduler Thread - 10226/WARN]: 	at sun.security.ssl.ClientHandshaker.serverCertificate(ClientHandshaker.java:1639)
[02:10:00] [Craft Scheduler Thread - 10226/WARN]: 	at sun.security.ssl.ClientHandshaker.processMessage(ClientHandshaker.java:223)
[02:10:00] [Craft Scheduler Thread - 10226/WARN]: 	at sun.security.ssl.Handshaker.processLoop(Handshaker.java:1037)
[02:10:00] [Craft Scheduler Thread - 10226/WARN]: 	at sun.security.ssl.Handshaker.process_record(Handshaker.java:965)
[02:10:00] [Craft Scheduler Thread - 10226/WARN]: 	at sun.security.ssl.SSLSocketImpl.readRecord(SSLSocketImpl.java:1064)
[02:10:00] [Craft Scheduler Thread - 10226/WARN]: 	at sun.security.ssl.SSLSocketImpl.performInitialHandshake(SSLSocketImpl.java:1367)
[02:10:00] [Craft Scheduler Thread - 10226/WARN]: 	at sun.security.ssl.SSLSocketImpl.startHandshake(SSLSocketImpl.java:1395)
[02:10:00] [Craft Scheduler Thread - 10226/WARN]: 	at sun.security.ssl.SSLSocketImpl.startHandshake(SSLSocketImpl.java:1379)
[02:10:00] [Craft Scheduler Thread - 10226/WARN]: 	at sun.net.www.protocol.https.HttpsClient.afterConnect(HttpsClient.java:559)
[02:10:00] [Craft Scheduler Thread - 10226/WARN]: 	at sun.net.www.protocol.https.AbstractDelegateHttpsURLConnection.connect(AbstractDelegateHttpsURLConnection.java:185)
[02:10:00] [Craft Scheduler Thread - 10226/WARN]: 	at sun.net.www.protocol.http.HttpURLConnection.getInputStream0(HttpURLConnection.java:1570)
[02:10:00] [Craft Scheduler Thread - 10226/WARN]: 	at sun.net.www.protocol.http.HttpURLConnection.getInputStream(HttpURLConnection.java:1498)
[02:10:00] [Craft Scheduler Thread - 10226/WARN]: 	at sun.net.www.protocol.https.HttpsURLConnectionImpl.getInputStream(HttpsURLConnectionImpl.java:268)
[02:10:00] [Craft Scheduler Thread - 10226/WARN]: 	at java.net.URL.openStream(URL.java:1068)
[02:10:00] [Craft Scheduler Thread - 10226/WARN]: 	at fr.klemms.slotmachine.apache.org.apache.commons.io.IOUtils.toString(IOUtils.java:1198)
[02:10:00] [Craft Scheduler Thread - 10226/WARN]: 	at fr.klemms.slotmachine.KlemmsUpdate$1.run(KlemmsUpdate.java:75)
[02:10:00] [Craft Scheduler Thread - 10226/WARN]: 	at org.bukkit.craftbukkit.v1_15_R1.scheduler.CraftTask.run(CraftTask.java:84)
[02:10:00] [Craft Scheduler Thread - 10226/WARN]: 	at org.bukkit.craftbukkit.v1_15_R1.scheduler.CraftAsyncTask.run(CraftAsyncTask.java:54)
[02:10:00] [Craft Scheduler Thread - 10226/WARN]: 	at com.destroystokyo.paper.ServerSchedulerReportingWrapper.run(ServerSchedulerReportingWrapper.java:22)
[02:10:00] [Craft Scheduler Thread - 10226/WARN]: 	at java.util.concurrent.ThreadPoolExecutor.runWorker(ThreadPoolExecutor.java:1149)
[02:10:00] [Craft Scheduler Thread - 10226/WARN]: 	at java.util.concurrent.ThreadPoolExecutor$Worker.run(ThreadPoolExecutor.java:624)
[02:10:00] [Craft Scheduler Thread - 10226/WARN]: 	at java.lang.Thread.run(Thread.java:748)
[02:10:00] [Craft Scheduler Thread - 10226/WARN]: Caused by: sun.security.validator.ValidatorException: PKIX path validation failed: java.security.cert.CertPathValidatorException: validity check failed
[02:10:00] [Craft Scheduler Thread - 10226/WARN]: 	at sun.security.validator.PKIXValidator.doValidate(PKIXValidator.java:380)
[02:10:00] [Craft Scheduler Thread - 10226/WARN]: 	at sun.security.validator.PKIXValidator.engineValidate(PKIXValidator.java:285)
[02:10:00] [Craft Scheduler Thread - 10226/WARN]: 	at sun.security.validator.Validator.validate(Validator.java:262)
[02:10:00] [Craft Scheduler Thread - 10226/WARN]: 	at sun.security.ssl.X509TrustManagerImpl.validate(X509TrustManagerImpl.java:330)
[02:10:00] [Craft Scheduler Thread - 10226/WARN]: 	at sun.security.ssl.X509TrustManagerImpl.checkTrusted(X509TrustManagerImpl.java:237)
[02:10:00] [Craft Scheduler Thread - 10226/WARN]: 	at sun.security.ssl.X509TrustManagerImpl.checkServerTrusted(X509TrustManagerImpl.java:132)
[02:10:00] [Craft Scheduler Thread - 10226/WARN]: 	at sun.security.ssl.ClientHandshaker.serverCertificate(ClientHandshaker.java:1621)
[02:10:00] [Craft Scheduler Thread - 10226/WARN]: 	... 21 more
[02:10:00] [Craft Scheduler Thread - 10226/WARN]: Caused by: java.security.cert.CertPathValidatorException: validity check failed
[02:10:00] [Craft Scheduler Thread - 10226/WARN]: 	at sun.security.provider.certpath.PKIXMasterCertPathValidator.validate(PKIXMasterCertPathValidator.java:135)
[02:10:00] [Craft Scheduler Thread - 10226/WARN]: 	at sun.security.provider.certpath.PKIXCertPathValidator.validate(PKIXCertPathValidator.java:233)
[02:10:00] [Craft Scheduler Thread - 10226/WARN]: 	at sun.security.provider.certpath.PKIXCertPathValidator.validate(PKIXCertPathValidator.java:141)
[02:10:00] [Craft Scheduler Thread - 10226/WARN]: 	at sun.security.provider.certpath.PKIXCertPathValidator.engineValidate(PKIXCertPathValidator.java:80)
[02:10:00] [Craft Scheduler Thread - 10226/WARN]: 	at java.security.cert.CertPathValidator.validate(CertPathValidator.java:292)
[02:10:00] [Craft Scheduler Thread - 10226/WARN]: 	at sun.security.validator.PKIXValidator.doValidate(PKIXValidator.java:375)
[02:10:00] [Craft Scheduler Thread - 10226/WARN]: 	... 27 more
[02:10:00] [Craft Scheduler Thread - 10226/WARN]: Caused by: java.security.cert.CertificateExpiredException: NotAfter: Fri Apr 24 11:32:08 UTC 2020
[02:10:00] [Craft Scheduler Thread - 10226/WARN]: 	at sun.security.x509.CertificateValidity.valid(CertificateValidity.java:274)
[02:10:00] [Craft Scheduler Thread - 10226/WARN]: 	at sun.security.x509.X509CertImpl.checkValidity(X509CertImpl.java:629)
[02:10:00] [Craft Scheduler Thread - 10226/WARN]: 	at sun.security.provider.certpath.BasicChecker.verifyValidity(BasicChecker.java:190)
[02:10:00] [Craft Scheduler Thread - 10226/WARN]: 	at sun.security.provider.certpath.BasicChecker.check(BasicChecker.java:144)
[02:10:00] [Craft Scheduler Thread - 10226/WARN]: 	at sun.security.provider.certpath.PKIXMasterCertPathValidator.validate(PKIXMasterCertPathValidator.java:125)
[02:10:00] [Craft Scheduler Thread - 10226/WARN]: 	... 32 more
[02:40:00] [Craft Scheduler Thread - 10264/WARN]: javax.net.ssl.SSLHandshakeException: sun.security.validator.ValidatorException: PKIX path validation failed: java.security.cert.CertPathValidatorException: validity check failed
[02:40:00] [Craft Scheduler Thread - 10264/WARN]: 	at sun.security.ssl.Alerts.getSSLException(Alerts.java:192)
[02:40:00] [Craft Scheduler Thread - 10264/WARN]: 	at sun.security.ssl.SSLSocketImpl.fatal(SSLSocketImpl.java:1946)
[02:40:00] [Craft Scheduler Thread - 10264/WARN]: 	at sun.security.ssl.Handshaker.fatalSE(Handshaker.java:316)
[02:40:00] [Craft Scheduler Thread - 10264/WARN]: 	at sun.security.ssl.Handshaker.fatalSE(Handshaker.java:310)
[02:40:00] [Craft Scheduler Thread - 10264/WARN]: 	at sun.security.ssl.ClientHandshaker.serverCertificate(ClientHandshaker.java:1639)
[02:40:00] [Craft Scheduler Thread - 10264/WARN]: 	at sun.security.ssl.ClientHandshaker.processMessage(ClientHandshaker.java:223)
[02:40:00] [Craft Scheduler Thread - 10264/WARN]: 	at sun.security.ssl.Handshaker.processLoop(Handshaker.java:1037)
[02:40:00] [Craft Scheduler Thread - 10264/WARN]: 	at sun.security.ssl.Handshaker.process_record(Handshaker.java:965)
[02:40:00] [Craft Scheduler Thread - 10264/WARN]: 	at sun.security.ssl.SSLSocketImpl.readRecord(SSLSocketImpl.java:1064)
[02:40:00] [Craft Scheduler Thread - 10264/WARN]: 	at sun.security.ssl.SSLSocketImpl.performInitialHandshake(SSLSocketImpl.java:1367)
[02:40:00] [Craft Scheduler Thread - 10264/WARN]: 	at sun.security.ssl.SSLSocketImpl.startHandshake(SSLSocketImpl.java:1395)
[02:40:00] [Craft Scheduler Thread - 10264/WARN]: 	at sun.security.ssl.SSLSocketImpl.startHandshake(SSLSocketImpl.java:1379)
[02:40:00] [Craft Scheduler Thread - 10264/WARN]: 	at sun.net.www.protocol.https.HttpsClient.afterConnect(HttpsClient.java:559)
[02:40:00] [Craft Scheduler Thread - 10264/WARN]: 	at sun.net.www.protocol.https.AbstractDelegateHttpsURLConnection.connect(AbstractDelegateHttpsURLConnection.java:185)
[02:40:00] [Craft Scheduler Thread - 10264/WARN]: 	at sun.net.www.protocol.http.HttpURLConnection.getInputStream0(HttpURLConnection.java:1570)
[02:40:00] [Craft Scheduler Thread - 10264/WARN]: 	at sun.net.www.protocol.http.HttpURLConnection.getInputStream(HttpURLConnection.java:1498)
[02:40:00] [Craft Scheduler Thread - 10264/WARN]: 	at sun.net.www.protocol.https.HttpsURLConnectionImpl.getInputStream(HttpsURLConnectionImpl.java:268)
[02:40:00] [Craft Scheduler Thread - 10264/WARN]: 	at java.net.URL.openStream(URL.java:1068)
[02:40:00] [Craft Scheduler Thread - 10264/WARN]: 	at fr.klemms.slotmachine.apache.org.apache.commons.io.IOUtils.toString(IOUtils.java:1198)
[02:40:00] [Craft Scheduler Thread - 10264/WARN]: 	at fr.klemms.slotmachine.KlemmsUpdate$1.run(KlemmsUpdate.java:75)
[02:40:00] [Craft Scheduler Thread - 10264/WARN]: 	at org.bukkit.craftbukkit.v1_15_R1.scheduler.CraftTask.run(CraftTask.java:84)
[02:40:00] [Craft Scheduler Thread - 10264/WARN]: 	at org.bukkit.craftbukkit.v1_15_R1.scheduler.CraftAsyncTask.run(CraftAsyncTask.java:54)
[02:40:00] [Craft Scheduler Thread - 10264/WARN]: 	at com.destroystokyo.paper.ServerSchedulerReportingWrapper.run(ServerSchedulerReportingWrapper.java:22)
[02:40:00] [Craft Scheduler Thread - 10264/WARN]: 	at java.util.concurrent.ThreadPoolExecutor.runWorker(ThreadPoolExecutor.java:1149)
[02:40:00] [Craft Scheduler Thread - 10264/WARN]: 	at java.util.concurrent.ThreadPoolExecutor$Worker.run(ThreadPoolExecutor.java:624)
[02:40:00] [Craft Scheduler Thread - 10264/WARN]: 	at java.lang.Thread.run(Thread.java:748)
[02:40:00] [Craft Scheduler Thread - 10264/WARN]: Caused by: sun.security.validator.ValidatorException: PKIX path validation failed: java.security.cert.CertPathValidatorException: validity check failed
[02:40:00] [Craft Scheduler Thread - 10264/WARN]: 	at sun.security.validator.PKIXValidator.doValidate(PKIXValidator.java:380)
[02:40:00] [Craft Scheduler Thread - 10264/WARN]: 	at sun.security.validator.PKIXValidator.engineValidate(PKIXValidator.java:285)
[02:40:00] [Craft Scheduler Thread - 10264/WARN]: 	at sun.security.validator.Validator.validate(Validator.java:262)
[02:40:00] [Craft Scheduler Thread - 10264/WARN]: 	at sun.security.ssl.X509TrustManagerImpl.validate(X509TrustManagerImpl.java:330)
[02:40:00] [Craft Scheduler Thread - 10264/WARN]: 	at sun.security.ssl.X509TrustManagerImpl.checkTrusted(X509TrustManagerImpl.java:237)
[02:40:00] [Craft Scheduler Thread - 10264/WARN]: 	at sun.security.ssl.X509TrustManagerImpl.checkServerTrusted(X509TrustManagerImpl.java:132)
[02:40:00] [Craft Scheduler Thread - 10264/WARN]: 	at sun.security.ssl.ClientHandshaker.serverCertificate(ClientHandshaker.java:1621)
[02:40:00] [Craft Scheduler Thread - 10264/WARN]: 	... 21 more
[02:40:00] [Craft Scheduler Thread - 10264/WARN]: Caused by: java.security.cert.CertPathValidatorException: validity check failed
[02:40:00] [Craft Scheduler Thread - 10264/WARN]: 	at sun.security.provider.certpath.PKIXMasterCertPathValidator.validate(PKIXMasterCertPathValidator.java:135)
[02:40:00] [Craft Scheduler Thread - 10264/WARN]: 	at sun.security.provider.certpath.PKIXCertPathValidator.validate(PKIXCertPathValidator.java:233)
[02:40:00] [Craft Scheduler Thread - 10264/WARN]: 	at sun.security.provider.certpath.PKIXCertPathValidator.validate(PKIXCertPathValidator.java:141)
[02:40:00] [Craft Scheduler Thread - 10264/WARN]: 	at sun.security.provider.certpath.PKIXCertPathValidator.engineValidate(PKIXCertPathValidator.java:80)
[02:40:00] [Craft Scheduler Thread - 10264/WARN]: 	at java.security.cert.CertPathValidator.validate(CertPathValidator.java:292)
[02:40:00] [Craft Scheduler Thread - 10264/WARN]: 	at sun.security.validator.PKIXValidator.doValidate(PKIXValidator.java:375)
[02:40:00] [Craft Scheduler Thread - 10264/WARN]: 	... 27 more
[02:40:00] [Craft Scheduler Thread - 10264/WARN]: Caused by: java.security.cert.CertificateExpiredException: NotAfter: Fri Apr 24 11:32:08 UTC 2020
[02:40:00] [Craft Scheduler Thread - 10264/WARN]: 	at sun.security.x509.CertificateValidity.valid(CertificateValidity.java:274)
[02:40:00] [Craft Scheduler Thread - 10264/WARN]: 	at sun.security.x509.X509CertImpl.checkValidity(X509CertImpl.java:629)
[02:40:00] [Craft Scheduler Thread - 10264/WARN]: 	at sun.security.provider.certpath.BasicChecker.verifyValidity(BasicChecker.java:190)
[02:40:00] [Craft Scheduler Thread - 10264/WARN]: 	at sun.security.provider.certpath.BasicChecker.check(BasicChecker.java:144)
[02:40:00] [Craft Scheduler Thread - 10264/WARN]: 	at sun.security.provider.certpath.PKIXMasterCertPathValidator.validate(PKIXMasterCertPathValidator.java:125)
[02:40:00] [Craft Scheduler Thread - 10264/WARN]: 	... 32 more
[02:53:27] [Server thread/INFO]: Markd315 issued server command: /mv tp akama
[02:58:28] [Server thread/INFO]: Markd315 issued server command: /mv help
[02:58:37] [Server thread/INFO]: Markd315 issued server command: /mv help 2
[02:58:42] [Server thread/INFO]: Markd315 issued server command: /mv help 3
[02:58:52] [Server thread/INFO]: Markd315 issued server command: /mv tp legoraa
[02:58:54] [Server thread/INFO]: Markd315 issued server command: /mv tp legora
[02:59:18] [Server thread/INFO]: Markd315 issued server command: /difficulty
[02:59:24] [Server thread/INFO]: Markd315 issued server command: /mv list
[02:59:27] [Server thread/INFO]: Markd315 issued server command: /mv list 2
[02:59:38] [Server thread/INFO]: Markd315 issued server command: /mv tp lachrysa
[03:00:45] [Server thread/INFO]: Markd315 issued server command: /spawn
[03:01:14] [Server thread/INFO]: Markd315 issued server command: /mv list 2
[03:01:18] [Server thread/INFO]: Markd315 issued server command: /mv help 3
[03:09:59] [Craft Scheduler Thread - 10280/INFO]: [Autorank] Making a backup of data.yml.
[03:09:59] [Craft Scheduler Thread - 10280/INFO]: [Autorank] Making a backup of playerdata.yml.
[03:10:00] [Craft Scheduler Thread - 10301/WARN]: javax.net.ssl.SSLHandshakeException: sun.security.validator.ValidatorException: PKIX path validation failed: java.security.cert.CertPathValidatorException: validity check failed
[03:10:00] [Craft Scheduler Thread - 10301/WARN]: 	at sun.security.ssl.Alerts.getSSLException(Alerts.java:192)
[03:10:00] [Craft Scheduler Thread - 10301/WARN]: 	at sun.security.ssl.SSLSocketImpl.fatal(SSLSocketImpl.java:1946)
[03:10:00] [Craft Scheduler Thread - 10301/WARN]: 	at sun.security.ssl.Handshaker.fatalSE(Handshaker.java:316)
[03:10:00] [Craft Scheduler Thread - 10301/WARN]: 	at sun.security.ssl.Handshaker.fatalSE(Handshaker.java:310)
[03:10:00] [Craft Scheduler Thread - 10301/WARN]: 	at sun.security.ssl.ClientHandshaker.serverCertificate(ClientHandshaker.java:1639)
[03:10:00] [Craft Scheduler Thread - 10301/WARN]: 	at sun.security.ssl.ClientHandshaker.processMessage(ClientHandshaker.java:223)
[03:10:00] [Craft Scheduler Thread - 10301/WARN]: 	at sun.security.ssl.Handshaker.processLoop(Handshaker.java:1037)
[03:10:00] [Craft Scheduler Thread - 10301/WARN]: 	at sun.security.ssl.Handshaker.process_record(Handshaker.java:965)
[03:10:00] [Craft Scheduler Thread - 10301/WARN]: 	at sun.security.ssl.SSLSocketImpl.readRecord(SSLSocketImpl.java:1064)
[03:10:00] [Craft Scheduler Thread - 10301/WARN]: 	at sun.security.ssl.SSLSocketImpl.performInitialHandshake(SSLSocketImpl.java:1367)
[03:10:00] [Craft Scheduler Thread - 10301/WARN]: 	at sun.security.ssl.SSLSocketImpl.startHandshake(SSLSocketImpl.java:1395)
[03:10:00] [Craft Scheduler Thread - 10301/WARN]: 	at sun.security.ssl.SSLSocketImpl.startHandshake(SSLSocketImpl.java:1379)
[03:10:00] [Craft Scheduler Thread - 10301/WARN]: 	at sun.net.www.protocol.https.HttpsClient.afterConnect(HttpsClient.java:559)
[03:10:00] [Craft Scheduler Thread - 10301/WARN]: 	at sun.net.www.protocol.https.AbstractDelegateHttpsURLConnection.connect(AbstractDelegateHttpsURLConnection.java:185)
[03:10:00] [Craft Scheduler Thread - 10301/WARN]: 	at sun.net.www.protocol.http.HttpURLConnection.getInputStream0(HttpURLConnection.java:1570)
[03:10:00] [Craft Scheduler Thread - 10301/WARN]: 	at sun.net.www.protocol.http.HttpURLConnection.getInputStream(HttpURLConnection.java:1498)
[03:10:00] [Craft Scheduler Thread - 10301/WARN]: 	at sun.net.www.protocol.https.HttpsURLConnectionImpl.getInputStream(HttpsURLConnectionImpl.java:268)
[03:10:00] [Craft Scheduler Thread - 10301/WARN]: 	at java.net.URL.openStream(URL.java:1068)
[03:10:00] [Craft Scheduler Thread - 10301/WARN]: 	at fr.klemms.slotmachine.apache.org.apache.commons.io.IOUtils.toString(IOUtils.java:1198)
[03:10:00] [Craft Scheduler Thread - 10301/WARN]: 	at fr.klemms.slotmachine.KlemmsUpdate$1.run(KlemmsUpdate.java:75)
[03:10:00] [Craft Scheduler Thread - 10301/WARN]: 	at org.bukkit.craftbukkit.v1_15_R1.scheduler.CraftTask.run(CraftTask.java:84)
[03:10:00] [Craft Scheduler Thread - 10301/WARN]: 	at org.bukkit.craftbukkit.v1_15_R1.scheduler.CraftAsyncTask.run(CraftAsyncTask.java:54)
[03:10:00] [Craft Scheduler Thread - 10301/WARN]: 	at com.destroystokyo.paper.ServerSchedulerReportingWrapper.run(ServerSchedulerReportingWrapper.java:22)
[03:10:00] [Craft Scheduler Thread - 10301/WARN]: 	at java.util.concurrent.ThreadPoolExecutor.runWorker(ThreadPoolExecutor.java:1149)
[03:10:00] [Craft Scheduler Thread - 10301/WARN]: 	at java.util.concurrent.ThreadPoolExecutor$Worker.run(ThreadPoolExecutor.java:624)
[03:10:00] [Craft Scheduler Thread - 10301/WARN]: 	at java.lang.Thread.run(Thread.java:748)
[03:10:00] [Craft Scheduler Thread - 10301/WARN]: Caused by: sun.security.validator.ValidatorException: PKIX path validation failed: java.security.cert.CertPathValidatorException: validity check failed
[03:10:00] [Craft Scheduler Thread - 10301/WARN]: 	at sun.security.validator.PKIXValidator.doValidate(PKIXValidator.java:380)
[03:10:00] [Craft Scheduler Thread - 10301/WARN]: 	at sun.security.validator.PKIXValidator.engineValidate(PKIXValidator.java:285)
[03:10:00] [Craft Scheduler Thread - 10301/WARN]: 	at sun.security.validator.Validator.validate(Validator.java:262)
[03:10:00] [Craft Scheduler Thread - 10301/WARN]: 	at sun.security.ssl.X509TrustManagerImpl.validate(X509TrustManagerImpl.java:330)
[03:10:00] [Craft Scheduler Thread - 10301/WARN]: 	at sun.security.ssl.X509TrustManagerImpl.checkTrusted(X509TrustManagerImpl.java:237)
[03:10:00] [Craft Scheduler Thread - 10301/WARN]: 	at sun.security.ssl.X509TrustManagerImpl.checkServerTrusted(X509TrustManagerImpl.java:132)
[03:10:00] [Craft Scheduler Thread - 10301/WARN]: 	at sun.security.ssl.ClientHandshaker.serverCertificate(ClientHandshaker.java:1621)
[03:10:00] [Craft Scheduler Thread - 10301/WARN]: 	... 21 more
[03:10:00] [Craft Scheduler Thread - 10301/WARN]: Caused by: java.security.cert.CertPathValidatorException: validity check failed
[03:10:00] [Craft Scheduler Thread - 10301/WARN]: 	at sun.security.provider.certpath.PKIXMasterCertPathValidator.validate(PKIXMasterCertPathValidator.java:135)
[03:10:00] [Craft Scheduler Thread - 10301/WARN]: 	at sun.security.provider.certpath.PKIXCertPathValidator.validate(PKIXCertPathValidator.java:233)
[03:10:00] [Craft Scheduler Thread - 10301/WARN]: 	at sun.security.provider.certpath.PKIXCertPathValidator.validate(PKIXCertPathValidator.java:141)
[03:10:00] [Craft Scheduler Thread - 10301/WARN]: 	at sun.security.provider.certpath.PKIXCertPathValidator.engineValidate(PKIXCertPathValidator.java:80)
[03:10:00] [Craft Scheduler Thread - 10301/WARN]: 	at java.security.cert.CertPathValidator.validate(CertPathValidator.java:292)
[03:10:00] [Craft Scheduler Thread - 10301/WARN]: 	at sun.security.validator.PKIXValidator.doValidate(PKIXValidator.java:375)
[03:10:00] [Craft Scheduler Thread - 10301/WARN]: 	... 27 more
[03:10:00] [Craft Scheduler Thread - 10301/WARN]: Caused by: java.security.cert.CertificateExpiredException: NotAfter: Fri Apr 24 11:32:08 UTC 2020
[03:10:00] [Craft Scheduler Thread - 10301/WARN]: 	at sun.security.x509.CertificateValidity.valid(CertificateValidity.java:274)
[03:10:00] [Craft Scheduler Thread - 10301/WARN]: 	at sun.security.x509.X509CertImpl.checkValidity(X509CertImpl.java:629)
[03:10:00] [Craft Scheduler Thread - 10301/WARN]: 	at sun.security.provider.certpath.BasicChecker.verifyValidity(BasicChecker.java:190)
[03:10:00] [Craft Scheduler Thread - 10301/WARN]: 	at sun.security.provider.certpath.BasicChecker.check(BasicChecker.java:144)
[03:10:00] [Craft Scheduler Thread - 10301/WARN]: 	at sun.security.provider.certpath.PKIXMasterCertPathValidator.validate(PKIXMasterCertPathValidator.java:125)
[03:10:00] [Craft Scheduler Thread - 10301/WARN]: 	... 32 more
[03:34:58] [Server thread/INFO]: Markd315 issued server command: /mv regen akama -899337167229767578
[03:35:03] [Server thread/INFO]: Markd315 issued server command: /mvconfirm
[03:35:03] [Server thread/WARN]: [Multiverse-Core] Hmm Multiverse does not know about this world but it's loaded in memory.
[03:35:03] [Server thread/WARN]: [Multiverse-Core] To let Multiverse know about it, use:
[03:35:03] [Server thread/WARN]: [Multiverse-Core] /mv import akama NORMAL
[03:35:19] [Server thread/INFO]: Markd315 issued server command: /mv regen akama -899337167229767578
[03:35:21] [Server thread/INFO]: Markd315 issued server command: /mvconfirm
[03:35:21] [Server thread/WARN]: [Multiverse-Core] Hmm Multiverse does not know about this world but it's loaded in memory.
[03:35:21] [Server thread/WARN]: [Multiverse-Core] To let Multiverse know about it, use:
[03:35:21] [Server thread/WARN]: [Multiverse-Core] /mv import akama NORMAL
[03:35:29] [Server thread/INFO]: Markd315 issued server command: /mv regen akama -899337167229767578
[03:35:31] [Server thread/INFO]: Markd315 issued server command: /mvconfirm
[03:35:31] [Server thread/WARN]: [Multiverse-Core] Hmm Multiverse does not know about this world but it's loaded in memory.
[03:35:31] [Server thread/WARN]: [Multiverse-Core] To let Multiverse know about it, use:
[03:35:31] [Server thread/WARN]: [Multiverse-Core] /mv import akama NORMAL
[03:36:34] [Server thread/INFO]: Markd315 issued server command: /mv regen akama -899337167229767578
[03:36:36] [Server thread/INFO]: Markd315 issued server command: /mvconfirm
[03:36:36] [Server thread/WARN]: [Multiverse-Core] Hmm Multiverse does not know about this world but it's loaded in memory.
[03:36:36] [Server thread/WARN]: [Multiverse-Core] To let Multiverse know about it, use:
[03:36:36] [Server thread/WARN]: [Multiverse-Core] /mv import akama NORMAL
[03:37:32] [Server thread/INFO]: Markd315 issued server command: /ir help
[03:37:35] [Server thread/INFO]: Markd315 issued server command: /plugins
[03:38:44] [Server thread/INFO]: Markd315 issued server command: /spawn
[03:40:00] [Craft Scheduler Thread - 10318/WARN]: javax.net.ssl.SSLHandshakeException: sun.security.validator.ValidatorException: PKIX path validation failed: java.security.cert.CertPathValidatorException: validity check failed
[03:40:00] [Craft Scheduler Thread - 10318/WARN]: 	at sun.security.ssl.Alerts.getSSLException(Alerts.java:192)
[03:40:00] [Craft Scheduler Thread - 10318/WARN]: 	at sun.security.ssl.SSLSocketImpl.fatal(SSLSocketImpl.java:1946)
[03:40:00] [Craft Scheduler Thread - 10318/WARN]: 	at sun.security.ssl.Handshaker.fatalSE(Handshaker.java:316)
[03:40:00] [Craft Scheduler Thread - 10318/WARN]: 	at sun.security.ssl.Handshaker.fatalSE(Handshaker.java:310)
[03:40:00] [Craft Scheduler Thread - 10318/WARN]: 	at sun.security.ssl.ClientHandshaker.serverCertificate(ClientHandshaker.java:1639)
[03:40:00] [Craft Scheduler Thread - 10318/WARN]: 	at sun.security.ssl.ClientHandshaker.processMessage(ClientHandshaker.java:223)
[03:40:00] [Craft Scheduler Thread - 10318/WARN]: 	at sun.security.ssl.Handshaker.processLoop(Handshaker.java:1037)
[03:40:00] [Craft Scheduler Thread - 10318/WARN]: 	at sun.security.ssl.Handshaker.process_record(Handshaker.java:965)
[03:40:00] [Craft Scheduler Thread - 10318/WARN]: 	at sun.security.ssl.SSLSocketImpl.readRecord(SSLSocketImpl.java:1064)
[03:40:00] [Craft Scheduler Thread - 10318/WARN]: 	at sun.security.ssl.SSLSocketImpl.performInitialHandshake(SSLSocketImpl.java:1367)
[03:40:00] [Craft Scheduler Thread - 10318/WARN]: 	at sun.security.ssl.SSLSocketImpl.startHandshake(SSLSocketImpl.java:1395)
[03:40:00] [Craft Scheduler Thread - 10318/WARN]: 	at sun.security.ssl.SSLSocketImpl.startHandshake(SSLSocketImpl.java:1379)
[03:40:00] [Craft Scheduler Thread - 10318/WARN]: 	at sun.net.www.protocol.https.HttpsClient.afterConnect(HttpsClient.java:559)
[03:40:00] [Craft Scheduler Thread - 10318/WARN]: 	at sun.net.www.protocol.https.AbstractDelegateHttpsURLConnection.connect(AbstractDelegateHttpsURLConnection.java:185)
[03:40:00] [Craft Scheduler Thread - 10318/WARN]: 	at sun.net.www.protocol.http.HttpURLConnection.getInputStream0(HttpURLConnection.java:1570)
[03:40:00] [Craft Scheduler Thread - 10318/WARN]: 	at sun.net.www.protocol.http.HttpURLConnection.getInputStream(HttpURLConnection.java:1498)
[03:40:00] [Craft Scheduler Thread - 10318/WARN]: 	at sun.net.www.protocol.https.HttpsURLConnectionImpl.getInputStream(HttpsURLConnectionImpl.java:268)
[03:40:00] [Craft Scheduler Thread - 10318/WARN]: 	at java.net.URL.openStream(URL.java:1068)
[03:40:00] [Craft Scheduler Thread - 10318/WARN]: 	at fr.klemms.slotmachine.apache.org.apache.commons.io.IOUtils.toString(IOUtils.java:1198)
[03:40:00] [Craft Scheduler Thread - 10318/WARN]: 	at fr.klemms.slotmachine.KlemmsUpdate$1.run(KlemmsUpdate.java:75)
[03:40:00] [Craft Scheduler Thread - 10318/WARN]: 	at org.bukkit.craftbukkit.v1_15_R1.scheduler.CraftTask.run(CraftTask.java:84)
[03:40:00] [Craft Scheduler Thread - 10318/WARN]: 	at org.bukkit.craftbukkit.v1_15_R1.scheduler.CraftAsyncTask.run(CraftAsyncTask.java:54)
[03:40:00] [Craft Scheduler Thread - 10318/WARN]: 	at com.destroystokyo.paper.ServerSchedulerReportingWrapper.run(ServerSchedulerReportingWrapper.java:22)
[03:40:00] [Craft Scheduler Thread - 10318/WARN]: 	at java.util.concurrent.ThreadPoolExecutor.runWorker(ThreadPoolExecutor.java:1149)
[03:40:00] [Craft Scheduler Thread - 10318/WARN]: 	at java.util.concurrent.ThreadPoolExecutor$Worker.run(ThreadPoolExecutor.java:624)
[03:40:00] [Craft Scheduler Thread - 10318/WARN]: 	at java.lang.Thread.run(Thread.java:748)
[03:40:00] [Craft Scheduler Thread - 10318/WARN]: Caused by: sun.security.validator.ValidatorException: PKIX path validation failed: java.security.cert.CertPathValidatorException: validity check failed
[03:40:00] [Craft Scheduler Thread - 10318/WARN]: 	at sun.security.validator.PKIXValidator.doValidate(PKIXValidator.java:380)
[03:40:00] [Craft Scheduler Thread - 10318/WARN]: 	at sun.security.validator.PKIXValidator.engineValidate(PKIXValidator.java:285)
[03:40:00] [Craft Scheduler Thread - 10318/WARN]: 	at sun.security.validator.Validator.validate(Validator.java:262)
[03:40:00] [Craft Scheduler Thread - 10318/WARN]: 	at sun.security.ssl.X509TrustManagerImpl.validate(X509TrustManagerImpl.java:330)
[03:40:00] [Craft Scheduler Thread - 10318/WARN]: 	at sun.security.ssl.X509TrustManagerImpl.checkTrusted(X509TrustManagerImpl.java:237)
[03:40:00] [Craft Scheduler Thread - 10318/WARN]: 	at sun.security.ssl.X509TrustManagerImpl.checkServerTrusted(X509TrustManagerImpl.java:132)
[03:40:00] [Craft Scheduler Thread - 10318/WARN]: 	at sun.security.ssl.ClientHandshaker.serverCertificate(ClientHandshaker.java:1621)
[03:40:00] [Craft Scheduler Thread - 10318/WARN]: 	... 21 more
[03:40:00] [Craft Scheduler Thread - 10318/WARN]: Caused by: java.security.cert.CertPathValidatorException: validity check failed
[03:40:00] [Craft Scheduler Thread - 10318/WARN]: 	at sun.security.provider.certpath.PKIXMasterCertPathValidator.validate(PKIXMasterCertPathValidator.java:135)
[03:40:00] [Craft Scheduler Thread - 10318/WARN]: 	at sun.security.provider.certpath.PKIXCertPathValidator.validate(PKIXCertPathValidator.java:233)
[03:40:00] [Craft Scheduler Thread - 10318/WARN]: 	at sun.security.provider.certpath.PKIXCertPathValidator.validate(PKIXCertPathValidator.java:141)
[03:40:00] [Craft Scheduler Thread - 10318/WARN]: 	at sun.security.provider.certpath.PKIXCertPathValidator.engineValidate(PKIXCertPathValidator.java:80)
[03:40:00] [Craft Scheduler Thread - 10318/WARN]: 	at java.security.cert.CertPathValidator.validate(CertPathValidator.java:292)
[03:40:00] [Craft Scheduler Thread - 10318/WARN]: 	at sun.security.validator.PKIXValidator.doValidate(PKIXValidator.java:375)
[03:40:00] [Craft Scheduler Thread - 10318/WARN]: 	... 27 more
[03:40:00] [Craft Scheduler Thread - 10318/WARN]: Caused by: java.security.cert.CertificateExpiredException: NotAfter: Fri Apr 24 11:32:08 UTC 2020
[03:40:00] [Craft Scheduler Thread - 10318/WARN]: 	at sun.security.x509.CertificateValidity.valid(CertificateValidity.java:274)
[03:40:00] [Craft Scheduler Thread - 10318/WARN]: 	at sun.security.x509.X509CertImpl.checkValidity(X509CertImpl.java:629)
[03:40:00] [Craft Scheduler Thread - 10318/WARN]: 	at sun.security.provider.certpath.BasicChecker.verifyValidity(BasicChecker.java:190)
[03:40:00] [Craft Scheduler Thread - 10318/WARN]: 	at sun.security.provider.certpath.BasicChecker.check(BasicChecker.java:144)
[03:40:00] [Craft Scheduler Thread - 10318/WARN]: 	at sun.security.provider.certpath.PKIXMasterCertPathValidator.validate(PKIXMasterCertPathValidator.java:125)
[03:40:00] [Craft Scheduler Thread - 10318/WARN]: 	... 32 more
[03:43:04] [Server thread/INFO]: Markd315 issued server command: /mv regen akama -899337167229767578
[03:43:10] [Server thread/INFO]: Markd315 issued server command: /mvconfirm
[03:43:10] [Server thread/WARN]: [Multiverse-Core] Hmm Multiverse does not know about this world but it's loaded in memory.
[03:43:10] [Server thread/WARN]: [Multiverse-Core] To let Multiverse know about it, use:
[03:43:10] [Server thread/WARN]: [Multiverse-Core] /mv import akama NORMAL
[03:44:16] [Server thread/INFO]: Markd315 issued server command: /mv help
[03:44:18] [Server thread/INFO]: Markd315 issued server command: /mv help 2
[03:44:22] [Server thread/INFO]: Markd315 issued server command: /mv help 4
[03:44:27] [Server thread/INFO]: Markd315 issued server command: /mv env
[03:44:41] [Server thread/INFO]: Markd315 issued server command: /mv help 5
[03:44:45] [Server thread/INFO]: Markd315 issued server command: /mv help 6
[03:44:50] [Server thread/INFO]: Markd315 issued server command: /mv help 7
[03:44:53] [Server thread/INFO]: Markd315 issued server command: /mv help 1
[03:45:01] [Server thread/INFO]: Markd315 issued server command: /mv help 2
[03:45:04] [Server thread/INFO]: Markd315 issued server command: /mv help 3
[03:45:10] [Server thread/INFO]: Markd315 issued server command: /mv unload akama
[03:45:10] [Server thread/WARN]: [Multiverse-Core] Hmm Multiverse does not know about this world but it's loaded in memory.
[03:45:10] [Server thread/WARN]: [Multiverse-Core] To let Multiverse know about it, use:
[03:45:10] [Server thread/WARN]: [Multiverse-Core] /mv import akama NORMAL
[03:46:24] [Server thread/INFO]: Markd315 issued server command: /gamemode 1
[03:46:43] [Server thread/INFO]: Markd315 issued server command: /gamemode 0
[03:47:13] [Server thread/INFO]: Markd315 issued server command: /sell
[03:47:13] [Server thread/INFO]: [Essentials] Markd315 was denied access to command.
[03:47:18] [Server thread/INFO]: Markd315 lost connection: Disconnected
[03:47:18] [Server thread/INFO]: Markd315 left the game
[03:47:27] [User Authenticator #4/INFO]: UUID of player Markd315 is acbcd8c3-4612-394c-9332-643f3c0c2b47
[03:47:27] [Server thread/INFO]: Markd315[/73.171.227.64:59738] logged in with entity id 67026 at ([Sonora]41.77102355448944, 140.0, -5.65765654611879)
[03:47:35] [Server thread/INFO]: Markd315 issued server command: /stop
[03:47:35] [Server thread/INFO]: [Markd315: Stopping the server]
[03:47:35] [Server thread/INFO]: Stopping server
[03:47:35] [Server thread/INFO]: [EssentialsSpawn] Disabling EssentialsSpawn v2.16.0.3
[03:47:35] [Server thread/INFO]: [Dynmap-Towny] Disabling Dynmap-Towny v0.75
[03:47:35] [Server thread/INFO]: [PlayerInfo] Disabling PlayerInfo v2.0
[03:47:35] [Server thread/INFO]: [PlayerInfo] PlayerInfo has been disabled.
[03:47:35] [Server thread/INFO]: [EssentialsGeoIP] Disabling EssentialsGeoIP v2.16.0.3
[03:47:35] [Server thread/INFO]: [EssentialsProtect] Disabling EssentialsProtect v2.16.0.3
[03:47:35] [Server thread/INFO]: [TownyChat] Disabling TownyChat v0.68
[03:47:35] [Server thread/INFO]: [Banknotes] Disabling Banknotes v0.1.5
[03:47:35] [Server thread/INFO]: [PerWorldInventory] Disabling PerWorldInventory v1.7.8
[03:47:35] [Server thread/INFO]: [MonsterBox] Disabling MonsterBox v1.2
[03:47:35] [Server thread/INFO]: MonsterBox disabled!
[03:47:35] [Server thread/INFO]: [Jobs] Disabling Jobs v4.15.7
[03:47:35] [Server thread/INFO]: [Jobs] Saved 383 new explorer entries.
[03:47:35] [Server thread/INFO]: [Jobs] Plugin has been disabled successfully.
[03:47:35] [Server thread/INFO]: [MobArena] Disabling MobArena v0.104.2
[03:47:35] [Server thread/INFO]: [Towny] Disabling Towny v0.96.0.2
[03:47:35] [Server thread/INFO]: ==============================================================
[03:47:35] [Jobs-DatabaseSaveTask/INFO]: [Jobs] Database save task shutdown!
[03:47:35] [Jobs-BufferedPaymentThread/INFO]: [Jobs] Buffered payment thread shutdown.
[03:47:35] [Server thread/INFO]: [Towny] Version: 0.96.0.2 - Mod Disabled
[03:47:35] [Server thread/INFO]: =============================================================
[03:47:35] [Server thread/INFO]: [Autorank] Disabling Autorank v3.7
[03:47:35] [Server thread/INFO]: [Autorank] Autorank 3.7 has been disabled!
[03:47:35] [Server thread/INFO]: [PVP Arena] Disabling pvparena v1.3.1.50
[03:47:35] [Server thread/INFO]: [PVP Arena] Plugin tracking disabled. See you soon?
[03:47:35] [Server thread/INFO]: [PVP Arena] disabled (version pvparena v1.3.1.50)
[03:47:35] [Server thread/INFO]: [IridiumSkyblock] Disabling IridiumSkyblock v2.3.6
[03:47:35] [Server thread/INFO]: [IridiumSkyblock] -------------------------------
[03:47:35] [Server thread/INFO]: [IridiumSkyblock] 
[03:47:35] [Server thread/INFO]: [IridiumSkyblock] IridiumSkyblock Disabled!
[03:47:35] [Server thread/INFO]: [IridiumSkyblock] 
[03:47:35] [Server thread/INFO]: [IridiumSkyblock] -------------------------------
[03:47:35] [Server thread/INFO]: [Essentials] Disabling Essentials v2.16.0.3
[03:47:35] [Server thread/INFO]: [Vault][Economy] Essentials Economy unhooked.
[03:47:35] [Server thread/INFO]: [SlotMachine] Disabling SlotMachine v6.1.0
[03:47:35] [Server thread/INFO]: [SlotMachine] Removing old backup
[03:47:35] [Server thread/INFO]: [SlotMachine] Creating a backup of /machines to /machinesLastBakup
[03:47:35] [Server thread/INFO]: [ChestShop] Disabling ChestShop v3.10.1 (build 174)
[03:47:35] [Server thread/INFO]: [Vault] Disabling Vault v1.5.3-b37
[03:47:35] [Server thread/INFO]: WEPIF: PermissionsEx detected! Using PermissionsEx for permissions.
[03:47:35] [Server thread/INFO]: [Multiverse-Portals] Disabling Multiverse-Portals v4.1.0-b805
[03:47:35] [Server thread/INFO]: [PermissionsEx] Disabling PermissionsEx v1.23.4
[03:47:35] [Server thread/INFO]: WEPIF: PermissionsEx detected! Using PermissionsEx for permissions.
[03:47:35] [Server thread/INFO]: [Minepacks] Disabling Minepacks v2.3.5-Release
[03:47:36] [Server thread/INFO]: [at.pcgamingfreaks.MinepacksStandalone.libs.com.zaxxer.hikari.HikariDataSource] Minepacks-Connection-Pool - Shutdown initiated...
[03:47:36] [Server thread/INFO]: [at.pcgamingfreaks.MinepacksStandalone.libs.com.zaxxer.hikari.HikariDataSource] Minepacks-Connection-Pool - Shutdown completed.
[03:47:36] [Server thread/INFO]: [Minepacks] [31m Minepacks has been disabled. [33m :( [0m
[03:47:36] [Server thread/INFO]: [CustomPolls] Disabling CustomPolls v1.1.1
[03:47:36] [Server thread/INFO]: [Multiverse-Core] Disabling Multiverse-Core v4.1.0-b775
[03:47:36] [Server thread/INFO]: [WorldGuard] Disabling WorldGuard v7.0.2-SNAPSHOT;bf2593e
[03:47:36] [Server thread/INFO]: [WorldGuard] Shutting down executor and cancelling any pending tasks...
[03:47:36] [Server thread/INFO]: [Votifier] Disabling Votifier v2.5.0
[03:47:36] [Server thread/INFO]: [Votifier] Votifier disabled.
[03:47:36] [Server thread/INFO]: [Lockette] Disabling Lockette v1.8.21
[03:47:37] [Server thread/INFO]: [XPConomy] Disabling XPConomy v1.1
[03:47:37] [Server thread/INFO]: [XPConomy] Has been disabled
[03:47:37] [Server thread/INFO]: [LoginSecurity] Disabling LoginSecurity v3.0.1
[03:47:37] [Server thread/INFO]: [LoginSecurity] Waiting for queued tasks...
[03:47:37] [Server thread/INFO]: [LoginSecurity] ExecutorService shut down, ready to disable.
[03:47:37] [Server thread/INFO]: [CityWorld] Disabling CityWorld v4.04
[03:47:37] [Server thread/INFO]: [Minecraft.CityWorld] [CityWorld] Disabled
[03:47:37] [Server thread/INFO]: [Questioner] Disabling Questioner v0.6
[03:47:37] [Server thread/INFO]: [Questioner] v0.6 - Disabled
[03:47:37] [Server thread/INFO]: [ColoredSigns] Disabling ColoredSigns v2.0
[03:47:37] [Server thread/WARN]: [ColoredSigns] ColoredSigns version 2.0 disabling...
[03:47:37] [Server thread/INFO]: [WorldEdit] Disabling WorldEdit v7.1.0;8e55131
[03:47:37] [Server thread/INFO]: Unregistering com.sk89q.worldedit.bukkit.BukkitServerInterface from WorldEdit
[03:47:37] [Server thread/INFO]: [dynmap] Disabling dynmap v3.0-beta-10-257
[03:47:37] [Server thread/INFO]: [dynmap] Unloaded 11 components.
[03:47:37] [Server thread/INFO]: [dynmap] Stopping map renderer...
[03:47:38] [Server thread/INFO]: [dynmap] Saved 2 pending tile renders in world 'Sonora'
[03:47:38] [Server thread/INFO]: [dynmap] Disabled
[03:47:38] [Server thread/INFO]: [CleanroomGenerator] Disabling CleanroomGenerator v1.0.0
[03:47:38] [Server thread/INFO]: Saving players
[03:47:38] [Server thread/INFO]: Markd315 lost connection: Server closed
[03:47:38] [Server thread/INFO]: Markd315 left the game
[03:47:38] [Server thread/INFO]: Saving worlds
[03:47:38] [Server thread/INFO]: Saving chunks for level 'Sonora'/minecraft:overworld
[03:47:39] [Server thread/INFO]: ThreadedAnvilChunkStorage (Sonora): All chunks are saved
[03:47:39] [Server thread/INFO]: Saving chunks for level 'Sonora_nether'/minecraft:the_nether
[03:47:39] [Server thread/INFO]: ThreadedAnvilChunkStorage (DIM-1): All chunks are saved
[03:47:39] [Server thread/INFO]: Saving chunks for level 'Sonora_the_end'/minecraft:the_end
[03:47:39] [Server thread/INFO]: ThreadedAnvilChunkStorage (DIM1): All chunks are saved
[03:47:39] [Server thread/INFO]: Saving chunks for level 'Legora'/minecraft:legora
[03:47:39] [Server thread/INFO]: ThreadedAnvilChunkStorage (Legora): All chunks are saved
[03:47:39] [Server thread/INFO]: Saving chunks for level 'EpicSkyblock'/minecraft:epicskyblock
[03:47:39] [Server thread/INFO]: ThreadedAnvilChunkStorage (EpicSkyblock): All chunks are saved
[03:47:39] [Server thread/INFO]: Saving chunks for level 'IridiumSkyblock_nether'/minecraft:iridiumskyblock_nether
[03:47:39] [Server thread/INFO]: ThreadedAnvilChunkStorage (DIM-1): All chunks are saved
[03:47:39] [Server thread/INFO]: Saving chunks for level 'Gillamoor'/minecraft:gillamoor
[03:47:39] [Server thread/INFO]: ThreadedAnvilChunkStorage (Gillamoor): All chunks are saved
[03:47:39] [Server thread/INFO]: Saving chunks for level 'Voxity'/minecraft:voxity
[03:47:39] [Server thread/INFO]: ThreadedAnvilChunkStorage (Voxity): All chunks are saved
[03:47:39] [Server thread/INFO]: Saving chunks for level 'Lachrysa'/minecraft:lachrysa
[03:47:39] [Server thread/INFO]: ThreadedAnvilChunkStorage (DIM-1): All chunks are saved
[03:47:39] [Server thread/INFO]: Saving chunks for level 'Ehiria'/minecraft:ehiria
[03:47:39] [Server thread/INFO]: ThreadedAnvilChunkStorage (Ehiria): All chunks are saved
[03:47:39] [Server thread/INFO]: Saving chunks for level 'Akama'/minecraft:akama
[03:47:39] [Server thread/INFO]: ThreadedAnvilChunkStorage (Akama): All chunks are saved
[03:47:39] [Server thread/INFO]: Saving chunks for level 'IridiumSkyblock'/minecraft:iridiumskyblock
[03:47:39] [Server thread/INFO]: ThreadedAnvilChunkStorage (IridiumSkyblock): All chunks are saved
[03:47:39] [Server thread/INFO]: ThreadedAnvilChunkStorage (Sonora): All chunks are saved
[03:47:40] [Server thread/INFO]: ThreadedAnvilChunkStorage (DIM-1): All chunks are saved
[03:47:40] [Server thread/INFO]: ThreadedAnvilChunkStorage (DIM1): All chunks are saved
[03:47:40] [Server thread/INFO]: ThreadedAnvilChunkStorage (Legora): All chunks are saved
[03:47:40] [Server thread/INFO]: ThreadedAnvilChunkStorage (EpicSkyblock): All chunks are saved
[03:47:40] [Server thread/INFO]: ThreadedAnvilChunkStorage (DIM-1): All chunks are saved
[03:47:40] [Server thread/INFO]: ThreadedAnvilChunkStorage (Gillamoor): All chunks are saved
[03:47:40] [Server thread/INFO]: ThreadedAnvilChunkStorage (Voxity): All chunks are saved
[03:47:40] [Server thread/INFO]: ThreadedAnvilChunkStorage (DIM-1): All chunks are saved
[03:47:40] [Server thread/INFO]: ThreadedAnvilChunkStorage (Ehiria): All chunks are saved
[03:47:40] [Server thread/INFO]: ThreadedAnvilChunkStorage (Akama): All chunks are saved
[03:47:41] [Server thread/INFO]: ThreadedAnvilChunkStorage (IridiumSkyblock): All chunks are saved
[03:47:41] [Server thread/INFO]: Flushing Chunk IO
[03:47:41] [Server thread/INFO]: Closing Thread Pool
[03:47:41] [Server thread/INFO]: Closing Server
